2020/02/08 21:06:36.588 [D] [alarm.go:69]  离线告警 2020-02-08 21:06:36.58859 +0800 CST m=+60.091071234 
2020/02/08 21:07:36.592 [D] [alarm.go:69]  离线告警 2020-02-08 21:07:36.592108 +0800 CST m=+120.092888794 
2020/02/08 21:08:36.591 [D] [alarm.go:69]  离线告警 2020-02-08 21:08:36.591774 +0800 CST m=+180.090855046 
2020/02/08 21:09:36.594 [D] [alarm.go:69]  离线告警 2020-02-08 21:09:36.594802 +0800 CST m=+240.092182464 
2020/02/08 22:25:18.769 [D] [alarm.go:159]  内存使用率告警 2020-02-08 22:25:18.769469 +0800 CST m=+60.046650962 
2020/02/08 22:25:18.769 [D] [alarm.go:84]  离线告警 2020-02-08 22:25:18.769473 +0800 CST m=+60.046655324 
2020/02/08 22:25:18.769 [D] [alarm.go:120]  CPU使用率告警 2020-02-08 22:25:18.769484 +0800 CST m=+60.046665940 
2020/02/08 22:26:18.769 [D] [alarm.go:120]  CPU使用率告警 2020-02-08 22:26:18.769185 +0800 CST m=+120.044566808 
2020/02/08 22:26:18.770 [D] [alarm.go:159]  内存使用率告警 2020-02-08 22:26:18.769183 +0800 CST m=+120.044565038 
2020/02/08 22:26:18.770 [D] [alarm.go:84]  离线告警 2020-02-08 22:26:18.769169 +0800 CST m=+120.044550935 
2020/02/08 22:27:43.458 [D] [alarm.go:160]  内存使用率告警 2020-02-08 22:27:43.458376 +0800 CST m=+60.050513801 
2020/02/08 22:27:43.458 [D] [alarm.go:84]  离线告警 2020-02-08 22:27:43.458474 +0800 CST m=+60.050611733 
2020/02/08 22:27:43.458 [D] [alarm.go:121]  CPU使用率告警 2020-02-08 22:27:43.458426 +0800 CST m=+60.050563386 
2020/02/08 22:28:43.457 [D] [alarm.go:160]  内存使用率告警 2020-02-08 22:28:43.457161 +0800 CST m=+120.047924914 
2020/02/08 22:28:43.457 [D] [alarm.go:84]  离线告警 2020-02-08 22:28:43.457131 +0800 CST m=+120.047894929 
2020/02/08 22:28:43.458 [D] [alarm.go:121]  CPU使用率告警 2020-02-08 22:28:43.457131 +0800 CST m=+120.047894994 
2020/02/08 22:29:59.511 [D] [alarm.go:160]  内存使用率告警 2020-02-08 22:29:59.511378 +0800 CST m=+60.051281495 
2020/02/08 22:29:59.511 [D] [alarm.go:121]  CPU使用率告警 2020-02-08 22:29:59.511386 +0800 CST m=+60.051289346 
2020/02/08 22:29:59.511 [D] [alarm.go:84]  离线告警 2020-02-08 22:29:59.511388 +0800 CST m=+60.051291077 
2020/02/08 22:32:06.738 [D] [alarm.go:121]  CPU使用率告警 2020-02-08 22:32:06.738615 +0800 CST m=+60.050555528 
2020/02/08 22:32:06.738 [D] [alarm.go:84]  离线告警 2020-02-08 22:32:06.738596 +0800 CST m=+60.050536736 
2020/02/08 22:32:06.738 [D] [alarm.go:160]  内存使用率告警 2020-02-08 22:32:06.738602 +0800 CST m=+60.050542438 
2020/02/08 22:33:06.740 [D] [alarm.go:160]  内存使用率告警 2020-02-08 22:33:06.740138 +0800 CST m=+120.050352579 
2020/02/08 22:33:06.740 [D] [alarm.go:121]  CPU使用率告警 2020-02-08 22:33:06.740276 +0800 CST m=+120.050490163 
2020/02/08 22:33:06.740 [D] [alarm.go:84]  离线告警 2020-02-08 22:33:06.740134 +0800 CST m=+120.050348133 
2020/02/08 22:38:08.949 [D] [alarm.go:160]  内存使用率告警 2020-02-08 22:38:08.949254 +0800 CST m=+60.056420043 
2020/02/08 22:38:08.949 [D] [alarm.go:84]  离线告警 2020-02-08 22:38:08.949285 +0800 CST m=+60.056451152 
2020/02/08 22:38:08.949 [D] [alarm.go:121]  CPU使用率告警 2020-02-08 22:38:08.949283 +0800 CST m=+60.056449521 
2020/02/08 22:41:04.247 [D] [alarm.go:86]  离线告警 2020-02-08 22:41:04.246972 +0800 CST m=+60.049400120 
2020/02/08 22:41:04.247 [D] [alarm.go:162]  内存使用率告警 2020-02-08 22:41:04.246921 +0800 CST m=+60.049348896 
2020/02/08 22:41:04.247 [D] [alarm.go:123]  CPU使用率告警 2020-02-08 22:41:04.246938 +0800 CST m=+60.049366166 
2020/02/09 13:22:08.822 [D] [alarm.go:162]  内存使用率告警 2020-02-09 13:22:08.822755 +0800 CST m=+60.075468026 
2020/02/09 13:22:08.822 [D] [alarm.go:86]  离线告警 2020-02-09 13:22:08.822743 +0800 CST m=+60.075456316 
2020/02/09 13:22:08.823 [D] [alarm.go:123]  CPU使用率告警 2020-02-09 13:22:08.822758 +0800 CST m=+60.075471163 
2020/02/09 13:23:08.824 [D] [alarm.go:86]  离线告警 2020-02-09 13:23:08.824065 +0800 CST m=+120.076778031 
2020/02/09 13:23:08.824 [D] [alarm.go:123]  CPU使用率告警 2020-02-09 13:23:08.824068 +0800 CST m=+120.076781217 
2020/02/09 13:23:08.824 [D] [alarm.go:162]  内存使用率告警 2020-02-09 13:23:08.824041 +0800 CST m=+120.076754273 
2020/02/09 13:42:50.099 [D] [alarm.go:87]  离线告警 2020-02-09 13:42:50.099091 +0800 CST m=+60.118808788 
2020/02/09 13:42:50.099 [D] [alarm.go:129]  CPU使用率告警 2020-02-09 13:42:50.099089 +0800 CST m=+60.118806678 
2020/02/09 13:42:50.099 [D] [alarm.go:168]  内存使用率告警 2020-02-09 13:42:50.099046 +0800 CST m=+60.118763986 
2020/02/09 13:42:53.710 [I] [alarm.go:103]  通知次数(2)超过限制(2), 终端[396ea1ebad7f4cc7be80df051fc025b3]最后一次发送心跳时间为2020-02-06T13:37:19+08:00, 已超过离线时间5分钟 
2020/02/09 13:42:55.135 [I] [alarm.go:103]  通知次数(2)超过限制(2), 终端[b64119c8a6194f32bd0e531a77409115]最后一次发送心跳时间为2020-02-08T21:12:11+08:00, 已超过离线时间5分钟 
2020/02/09 13:43:50.099 [D] [alarm.go:87]  离线告警 2020-02-09 13:43:50.099784 +0800 CST m=+120.119123732 
2020/02/09 13:43:50.099 [D] [alarm.go:168]  内存使用率告警 2020-02-09 13:43:50.099765 +0800 CST m=+120.119105209 
2020/02/09 13:43:50.099 [D] [alarm.go:129]  CPU使用率告警 2020-02-09 13:43:50.099782 +0800 CST m=+120.119122390 
2020/02/09 13:43:53.824 [I] [alarm.go:103]  通知次数(2)超过限制(2), 终端[396ea1ebad7f4cc7be80df051fc025b3]最后一次发送心跳时间为2020-02-06T13:37:19+08:00, 已超过离线时间5分钟 
2020/02/09 13:43:55.543 [I] [alarm.go:103]  通知次数(2)超过限制(2), 终端[b64119c8a6194f32bd0e531a77409115]最后一次发送心跳时间为2020-02-08T21:12:11+08:00, 已超过离线时间5分钟 
2020/02/09 13:44:50.101 [D] [alarm.go:168]  内存使用率告警 2020-02-09 13:44:50.100568 +0800 CST m=+180.119531112 
2020/02/09 13:44:50.102 [D] [alarm.go:129]  CPU使用率告警 2020-02-09 13:44:50.100593 +0800 CST m=+180.119555272 
2020/02/09 13:44:50.101 [D] [alarm.go:87]  离线告警 2020-02-09 13:44:50.100594 +0800 CST m=+180.119557049 
2020/02/09 13:44:52.306 [I] [alarm.go:103]  通知次数(2)超过限制(2), 终端[396ea1ebad7f4cc7be80df051fc025b3]最后一次发送心跳时间为2020-02-06T13:37:19+08:00, 已超过离线时间5分钟 
2020/02/09 13:44:53.921 [I] [alarm.go:103]  通知次数(2)超过限制(2), 终端[b64119c8a6194f32bd0e531a77409115]最后一次发送心跳时间为2020-02-08T21:12:11+08:00, 已超过离线时间5分钟 
2020/02/09 13:45:50.101 [D] [alarm.go:87]  离线告警 2020-02-09 13:45:50.101301 +0800 CST m=+240.119886162 
2020/02/09 13:45:50.101 [D] [alarm.go:129]  CPU使用率告警 2020-02-09 13:45:50.101299 +0800 CST m=+240.119884817 
2020/02/09 13:45:50.101 [D] [alarm.go:168]  内存使用率告警 2020-02-09 13:45:50.101284 +0800 CST m=+240.119869657 
2020/02/09 13:45:51.309 [I] [alarm.go:103]  通知次数(2)超过限制(2), 终端[396ea1ebad7f4cc7be80df051fc025b3]最后一次发送心跳时间为2020-02-06T13:37:19+08:00, 已超过离线时间5分钟 
2020/02/09 13:45:56.178 [I] [alarm.go:103]  通知次数(2)超过限制(2), 终端[b64119c8a6194f32bd0e531a77409115]最后一次发送心跳时间为2020-02-08T21:12:11+08:00, 已超过离线时间5分钟 
2020/02/09 13:48:26.976 [D] [alarm.go:168]  内存使用率告警 2020-02-09 13:48:26.976581 +0800 CST m=+60.059571908 
2020/02/09 13:48:26.977 [D] [alarm.go:129]  CPU使用率告警 2020-02-09 13:48:26.97659 +0800 CST m=+60.059581101 
2020/02/09 13:48:26.977 [D] [alarm.go:87]  离线告警 2020-02-09 13:48:26.976605 +0800 CST m=+60.059595773 
2020/02/09 13:48:28.514 [I] [alarm.go:103]  通知次数(2)超过限制(2), 终端[396ea1ebad7f4cc7be80df051fc025b3]最后一次发送心跳时间为2020-02-06T13:37:19+08:00, 已超过离线时间5分钟 
2020/02/09 13:49:26.978 [D] [alarm.go:129]  CPU使用率告警 2020-02-09 13:49:26.977947 +0800 CST m=+120.059133479 
2020/02/09 13:49:26.978 [D] [alarm.go:87]  离线告警 2020-02-09 13:49:26.977946 +0800 CST m=+120.059132851 
2020/02/09 13:49:26.978 [D] [alarm.go:168]  内存使用率告警 2020-02-09 13:49:26.977939 +0800 CST m=+120.059125682 
2020/02/09 13:49:29.025 [I] [alarm.go:103]  通知次数(2)超过限制(2), 终端[396ea1ebad7f4cc7be80df051fc025b3]最后一次发送心跳时间为2020-02-06T13:37:19+08:00, 已超过离线时间5分钟 
2020/02/09 13:50:26.978 [D] [alarm.go:168]  内存使用率告警 2020-02-09 13:50:26.978709 +0800 CST m=+180.058828253 
2020/02/09 13:50:26.978 [D] [alarm.go:129]  CPU使用率告警 2020-02-09 13:50:26.978721 +0800 CST m=+180.058839530 
2020/02/09 13:50:26.978 [D] [alarm.go:87]  离线告警 2020-02-09 13:50:26.978739 +0800 CST m=+180.058857770 
2020/02/09 13:50:28.434 [I] [alarm.go:103]  通知次数(2)超过限制(2), 终端[396ea1ebad7f4cc7be80df051fc025b3]最后一次发送心跳时间为2020-02-06T13:37:19+08:00, 已超过离线时间5分钟 
2020/02/09 13:50:28.628 [I] [alarm.go:190]  终端内存告警:  终端[b64119c8a6194f32bd0e531a77409115]在最近5分钟内内存使用率大于10%的次数为3, 已超过3次 , email通知: <nil> 
2020/02/09 13:50:28.935 [I] [alarm.go:153]  终端CPU告警:  终端[b64119c8a6194f32bd0e531a77409115]在最近5分钟内CPU使用率大于10%的次数为3, 已超过3次 , email通知: <nil> 
2020/02/09 13:51:26.982 [D] [alarm.go:87]  离线告警 2020-02-09 13:51:26.982586 +0800 CST m=+240.061652463 
2020/02/09 13:51:26.982 [D] [alarm.go:168]  内存使用率告警 2020-02-09 13:51:26.982566 +0800 CST m=+240.061632307 
2020/02/09 13:51:26.982 [D] [alarm.go:129]  CPU使用率告警 2020-02-09 13:51:26.982574 +0800 CST m=+240.061640549 
2020/02/09 13:51:28.247 [I] [alarm.go:103]  通知次数(2)超过限制(2), 终端[396ea1ebad7f4cc7be80df051fc025b3]最后一次发送心跳时间为2020-02-06T13:37:19+08:00, 已超过离线时间5分钟 
2020/02/09 13:51:28.333 [I] [alarm.go:153]  终端CPU告警:  终端[b64119c8a6194f32bd0e531a77409115]在最近5分钟内CPU使用率大于10%的次数为4, 已超过3次 , email通知: <nil> 
2020/02/09 13:51:28.414 [I] [alarm.go:190]  终端内存告警:  终端[b64119c8a6194f32bd0e531a77409115]在最近5分钟内内存使用率大于10%的次数为4, 已超过3次 , email通知: <nil> 
2020/02/09 13:53:16.349 [D] [alarm.go:167]  内存使用率告警 2020-02-09 13:53:16.349311 +0800 CST m=+60.095069532 
2020/02/09 13:53:16.349 [D] [alarm.go:87]  离线告警 2020-02-09 13:53:16.349334 +0800 CST m=+60.095092494 
2020/02/09 13:53:16.349 [D] [alarm.go:127]  CPU使用率告警 2020-02-09 13:53:16.349357 +0800 CST m=+60.095115757 
2020/02/09 13:53:16.357 [I] [alarm.go:101]  通知次数(2)超过限制(2), 终端[396ea1ebad7f4cc7be80df051fc025b3]最后一次发送心跳时间为2020-02-06T13:37:19+08:00, 已超过离线时间5分钟 
2020/02/09 13:53:16.362 [I] [alarm.go:142]  通知次数(2)超过限制(2), 终端[b64119c8a6194f32bd0e531a77409115]在最近5分钟内CPU使用率大于10%的次数为5, 已超过3次 
2020/02/09 13:53:16.362 [I] [alarm.go:181]  通知次数(2)超过限制(2), 终端[b64119c8a6194f32bd0e531a77409115]在最近5分钟内内存使用率大于10%的次数为5, 已超过3次 
2020/02/09 13:57:06.972 [D] [alarm.go:127]  CPU使用率告警 2020-02-09 13:57:06.971962 +0800 CST m=+60.049959868 
2020/02/09 13:57:06.972 [D] [alarm.go:87]  离线告警 2020-02-09 13:57:06.971963 +0800 CST m=+60.049960530 
2020/02/09 13:57:06.973 [D] [alarm.go:168]  内存使用率告警 2020-02-09 13:57:06.971946 +0800 CST m=+60.049943298 
2020/02/09 13:57:06.975 [I] [alarm.go:144]  通知次数(2)超过限制(2), 终端[b64119c8a6194f32bd0e531a77409115]在最近5分钟内CPU使用率大于10%的次数为3, 已超过3次 
2020/02/09 13:57:06.978 [I] [alarm.go:101]  通知次数(2)超过限制(2), 终端[396ea1ebad7f4cc7be80df051fc025b3]最后一次发送心跳时间为2020-02-06T13:37:19+08:00, 已超过离线时间5分钟 
2020/02/09 13:57:06.978 [I] [alarm.go:182]  通知次数(2)超过限制(2), 终端[b64119c8a6194f32bd0e531a77409115]在最近5分钟内内存使用率大于10%的次数为5, 已超过3次 
2020/02/09 13:58:06.975 [D] [alarm.go:127]  CPU使用率告警 2020-02-09 13:58:06.974431 +0800 CST m=+120.051376376 
2020/02/09 13:58:06.975 [D] [alarm.go:168]  内存使用率告警 2020-02-09 13:58:06.974424 +0800 CST m=+120.051369494 
2020/02/09 13:58:06.976 [D] [alarm.go:87]  离线告警 2020-02-09 13:58:06.974268 +0800 CST m=+120.051213160 
2020/02/09 13:58:06.989 [I] [alarm.go:182]  通知次数(2)超过限制(2), 终端[b64119c8a6194f32bd0e531a77409115]在最近5分钟内内存使用率大于10%的次数为5, 已超过3次 
2020/02/09 13:58:06.992 [I] [alarm.go:101]  通知次数(2)超过限制(2), 终端[396ea1ebad7f4cc7be80df051fc025b3]最后一次发送心跳时间为2020-02-06T13:37:19+08:00, 已超过离线时间5分钟 
2020/02/09 14:02:46.093 [D] [alarm.go:87]  离线告警 2020-02-09 14:02:46.093008 +0800 CST m=+60.048265288 
2020/02/09 14:02:46.093 [D] [alarm.go:168]  内存使用率告警 2020-02-09 14:02:46.092999 +0800 CST m=+60.048255855 
2020/02/09 14:02:46.093 [D] [alarm.go:127]  CPU使用率告警 2020-02-09 14:02:46.093007 +0800 CST m=+60.048264010 
2020/02/09 14:02:46.096 [I] [alarm.go:101]  通知次数(2)超过限制(2), 终端[396ea1ebad7f4cc7be80df051fc025b3]最后一次发送心跳时间为2020-02-06T13:37:19+08:00, 已超过离线时间5分钟 
2020/02/09 14:02:46.099 [I] [alarm.go:144]  通知次数(2)超过限制(2), 终端[b64119c8a6194f32bd0e531a77409115]在最近5分钟内CPU使用率大于10%的次数为3, 已超过3次 
2020/02/09 14:02:46.099 [I] [alarm.go:182]  通知次数(2)超过限制(2), 终端[b64119c8a6194f32bd0e531a77409115]在最近5分钟内内存使用率大于10%的次数为5, 已超过3次 
2020/02/09 15:02:17.489 [D] [alarm.go:143]  CPU使用率告警 2020-02-09 15:02:17.489284 +0800 CST m=+60.057710026 
2020/02/09 15:02:17.489 [D] [alarm.go:100]  离线告警 2020-02-09 15:02:17.489255 +0800 CST m=+60.057681919 
2020/02/09 15:02:17.489 [D] [alarm.go:182]  内存使用率告警 2020-02-09 15:02:17.489283 +0800 CST m=+60.057709190 
2020/02/09 15:02:24.048 [I] [alarm.go:122]  终端离线告警:  终端[396ea1ebad7f4cc7be80df051fc025b3]最后一次发送心跳时间为2020-02-06T13:37:19+08:00, 已超过离线时间5分钟 , email通知: <nil> , sms通知: [TencentCloudSDKError] Code=AuthFailure.SignatureFailure, Message=请求签名验证失败，请检查您的签名计算是否正确。, RequestId=fafdc87a-0984-4c06-8919-050a32fb2b94 
2020/02/09 15:02:29.547 [I] [alarm.go:122]  终端离线告警:  终端[b64119c8a6194f32bd0e531a77409115]最后一次发送心跳时间为2020-02-09T14:06:28+08:00, 已超过离线时间5分钟 , email通知: <nil> , sms通知: [TencentCloudSDKError] Code=AuthFailure.SignatureFailure, Message=请求签名验证失败，请检查您的签名计算是否正确。, RequestId=30910dae-f029-430d-ab77-f33631f654a3 
2020/02/09 15:03:17.491 [D] [alarm.go:143]  CPU使用率告警 2020-02-09 15:03:17.491432 +0800 CST m=+120.058083621 
2020/02/09 15:03:17.491 [D] [alarm.go:100]  离线告警 2020-02-09 15:03:17.491428 +0800 CST m=+120.058080421 
2020/02/09 15:03:17.491 [D] [alarm.go:182]  内存使用率告警 2020-02-09 15:03:17.491428 +0800 CST m=+120.058080413 
2020/02/09 15:03:18.684 [I] [alarm.go:122]  终端离线告警:  终端[396ea1ebad7f4cc7be80df051fc025b3]最后一次发送心跳时间为2020-02-06T13:37:19+08:00, 已超过离线时间5分钟 , email通知: <nil> , sms通知: [TencentCloudSDKError] Code=AuthFailure.SignatureFailure, Message=请求签名验证失败，请检查您的签名计算是否正确。, RequestId=0ccb27b3-ee26-4071-acc4-4af5e6617cb4 
2020/02/09 15:03:24.585 [I] [alarm.go:122]  终端离线告警:  终端[b64119c8a6194f32bd0e531a77409115]最后一次发送心跳时间为2020-02-09T14:06:28+08:00, 已超过离线时间5分钟 , email通知: <nil> , sms通知: [TencentCloudSDKError] Code=AuthFailure.SignatureFailure, Message=请求签名验证失败，请检查您的签名计算是否正确。, RequestId=006e9c1d-1d6e-465f-a16d-7242240e791d 
2020/02/09 15:27:19.612 [D] [alarm.go:143]  CPU使用率告警 2020-02-09 15:27:19.612706 +0800 CST m=+60.053343869 
2020/02/09 15:27:19.612 [D] [alarm.go:100]  离线告警 2020-02-09 15:27:19.612722 +0800 CST m=+60.053360179 
2020/02/09 15:27:19.612 [D] [alarm.go:182]  内存使用率告警 2020-02-09 15:27:19.612694 +0800 CST m=+60.053331379 
2020/02/09 15:27:19.621 [I] [alarm.go:114]  通知次数(2)超过限制(2), 终端[396ea1ebad7f4cc7be80df051fc025b3]最后一次发送心跳时间为2020-02-06T13:37:19+08:00, 已超过离线时间5分钟 
2020/02/09 15:28:19.615 [D] [alarm.go:100]  离线告警 2020-02-09 15:28:19.614842 +0800 CST m=+120.053682316 
2020/02/09 15:28:19.615 [D] [alarm.go:182]  内存使用率告警 2020-02-09 15:28:19.6148 +0800 CST m=+120.053640569 
2020/02/09 15:28:19.615 [D] [alarm.go:143]  CPU使用率告警 2020-02-09 15:28:19.614812 +0800 CST m=+120.053651999 
2020/02/09 15:28:19.623 [I] [alarm.go:114]  通知次数(2)超过限制(2), 终端[396ea1ebad7f4cc7be80df051fc025b3]最后一次发送心跳时间为2020-02-06T13:37:19+08:00, 已超过离线时间5分钟 
2020/02/09 15:29:19.616 [D] [alarm.go:143]  CPU使用率告警 2020-02-09 15:29:19.61685 +0800 CST m=+180.053893090 
2020/02/09 15:29:19.616 [D] [alarm.go:100]  离线告警 2020-02-09 15:29:19.616883 +0800 CST m=+180.053925850 
2020/02/09 15:29:19.616 [D] [alarm.go:182]  内存使用率告警 2020-02-09 15:29:19.616792 +0800 CST m=+180.053835140 
2020/02/09 15:29:19.620 [I] [alarm.go:114]  通知次数(2)超过限制(2), 终端[396ea1ebad7f4cc7be80df051fc025b3]最后一次发送心跳时间为2020-02-06T13:37:19+08:00, 已超过离线时间5分钟 
2020/02/09 15:29:22.042 [I] [alarm.go:204]  终端内存告警:  终端[b64119c8a6194f32bd0e531a77409115]在最近5分钟内内存使用率大于10%的次数为3, 已超过3次 , email通知: <nil> , sms通知: [TencentCloudSDKError] Code=AuthFailure.SignatureFailure, Message=请求签名验证失败，请检查您的签名计算是否正确。, RequestId=736d9460-c077-4a08-aa52-3c78e06dfbc2 
2020/02/09 15:29:24.320 [I] [alarm.go:167]  终端CPU告警:  终端[b64119c8a6194f32bd0e531a77409115]在最近5分钟内CPU使用率大于10%的次数为3, 已超过3次 , email通知: <nil> , sms通知: [TencentCloudSDKError] Code=AuthFailure.SignatureFailure, Message=请求签名验证失败，请检查您的签名计算是否正确。, RequestId=6abaaf8f-3afb-401f-9c79-72d0fcc672c9 
2020/02/09 15:30:19.619 [D] [alarm.go:182]  内存使用率告警 2020-02-09 15:30:19.619032 +0800 CST m=+240.054277018 
2020/02/09 15:30:19.619 [D] [alarm.go:143]  CPU使用率告警 2020-02-09 15:30:19.619034 +0800 CST m=+240.054279445 
2020/02/09 15:30:19.619 [D] [alarm.go:100]  离线告警 2020-02-09 15:30:19.619021 +0800 CST m=+240.054266748 
2020/02/09 15:30:19.623 [I] [alarm.go:114]  通知次数(2)超过限制(2), 终端[396ea1ebad7f4cc7be80df051fc025b3]最后一次发送心跳时间为2020-02-06T13:37:19+08:00, 已超过离线时间5分钟 
2020/02/09 15:30:21.437 [I] [alarm.go:167]  终端CPU告警:  终端[b64119c8a6194f32bd0e531a77409115]在最近5分钟内CPU使用率大于10%的次数为4, 已超过3次 , email通知: <nil> , sms通知: [TencentCloudSDKError] Code=AuthFailure.SignatureFailure, Message=请求签名验证失败，请检查您的签名计算是否正确。, RequestId=80bc3477-4836-4354-a48f-f3672685d203 
2020/02/09 15:30:21.657 [I] [alarm.go:204]  终端内存告警:  终端[b64119c8a6194f32bd0e531a77409115]在最近5分钟内内存使用率大于10%的次数为4, 已超过3次 , email通知: <nil> , sms通知: [TencentCloudSDKError] Code=AuthFailure.SignatureFailure, Message=请求签名验证失败，请检查您的签名计算是否正确。, RequestId=2cddb10b-901d-4c7a-9e12-3c3fe96b91b7 
2020/02/09 15:31:19.621 [D] [alarm.go:143]  CPU使用率告警 2020-02-09 15:31:19.62109 +0800 CST m=+300.054537429 
2020/02/09 15:31:19.621 [D] [alarm.go:100]  离线告警 2020-02-09 15:31:19.621674 +0800 CST m=+300.055121459 
2020/02/09 15:31:19.621 [D] [alarm.go:182]  内存使用率告警 2020-02-09 15:31:19.621077 +0800 CST m=+300.054524472 
2020/02/09 15:31:19.623 [I] [alarm.go:114]  通知次数(2)超过限制(2), 终端[396ea1ebad7f4cc7be80df051fc025b3]最后一次发送心跳时间为2020-02-06T13:37:19+08:00, 已超过离线时间5分钟 
2020/02/09 15:31:19.623 [I] [alarm.go:159]  通知次数(2)超过限制(2), 终端[b64119c8a6194f32bd0e531a77409115]在最近5分钟内CPU使用率大于10%的次数为5, 已超过3次 
2020/02/09 15:31:19.626 [I] [alarm.go:196]  通知次数(2)超过限制(2), 终端[b64119c8a6194f32bd0e531a77409115]在最近5分钟内内存使用率大于10%的次数为5, 已超过3次 
2020/02/09 15:32:19.627 [D] [alarm.go:143]  CPU使用率告警 2020-02-09 15:32:19.625671 +0800 CST m=+360.057321429 
2020/02/09 15:32:19.628 [D] [alarm.go:100]  离线告警 2020-02-09 15:32:19.62567 +0800 CST m=+360.057319646 
2020/02/09 15:32:19.627 [D] [alarm.go:182]  内存使用率告警 2020-02-09 15:32:19.625665 +0800 CST m=+360.057315516 
2020/02/09 15:32:19.630 [I] [alarm.go:114]  通知次数(2)超过限制(2), 终端[396ea1ebad7f4cc7be80df051fc025b3]最后一次发送心跳时间为2020-02-06T13:37:19+08:00, 已超过离线时间5分钟 
2020/02/09 15:32:19.634 [I] [alarm.go:159]  通知次数(2)超过限制(2), 终端[b64119c8a6194f32bd0e531a77409115]在最近5分钟内CPU使用率大于10%的次数为5, 已超过3次 
2020/02/09 15:32:19.640 [I] [alarm.go:196]  通知次数(2)超过限制(2), 终端[b64119c8a6194f32bd0e531a77409115]在最近5分钟内内存使用率大于10%的次数为5, 已超过3次 
2020/02/09 15:33:19.622 [D] [alarm.go:100]  离线告警 2020-02-09 15:33:19.621849 +0800 CST m=+420.051701498 
2020/02/09 15:33:19.622 [D] [alarm.go:143]  CPU使用率告警 2020-02-09 15:33:19.621873 +0800 CST m=+420.051726089 
2020/02/09 15:33:19.622 [D] [alarm.go:182]  内存使用率告警 2020-02-09 15:33:19.621837 +0800 CST m=+420.051689853 
2020/02/09 15:33:19.626 [I] [alarm.go:114]  通知次数(2)超过限制(2), 终端[396ea1ebad7f4cc7be80df051fc025b3]最后一次发送心跳时间为2020-02-06T13:37:19+08:00, 已超过离线时间5分钟 
2020/02/09 15:33:19.626 [I] [alarm.go:159]  通知次数(2)超过限制(2), 终端[b64119c8a6194f32bd0e531a77409115]在最近5分钟内CPU使用率大于10%的次数为5, 已超过3次 
2020/02/09 15:33:19.629 [I] [alarm.go:196]  通知次数(2)超过限制(2), 终端[b64119c8a6194f32bd0e531a77409115]在最近5分钟内内存使用率大于10%的次数为5, 已超过3次 
2020/02/09 15:34:19.622 [D] [alarm.go:182]  内存使用率告警 2020-02-09 15:34:19.622541 +0800 CST m=+480.050596715 
2020/02/09 15:34:19.622 [D] [alarm.go:143]  CPU使用率告警 2020-02-09 15:34:19.622633 +0800 CST m=+480.050688254 
2020/02/09 15:34:19.622 [D] [alarm.go:100]  离线告警 2020-02-09 15:34:19.622677 +0800 CST m=+480.050732083 
2020/02/09 15:34:19.626 [I] [alarm.go:159]  通知次数(2)超过限制(2), 终端[b64119c8a6194f32bd0e531a77409115]在最近5分钟内CPU使用率大于10%的次数为5, 已超过3次 
2020/02/09 15:34:19.626 [I] [alarm.go:196]  通知次数(2)超过限制(2), 终端[b64119c8a6194f32bd0e531a77409115]在最近5分钟内内存使用率大于10%的次数为5, 已超过3次 
2020/02/09 15:34:19.628 [I] [alarm.go:114]  通知次数(2)超过限制(2), 终端[396ea1ebad7f4cc7be80df051fc025b3]最后一次发送心跳时间为2020-02-06T13:37:19+08:00, 已超过离线时间5分钟 
2020/02/09 15:35:19.627 [D] [alarm.go:143]  CPU使用率告警 2020-02-09 15:35:19.627709 +0800 CST m=+540.053966654 
2020/02/09 15:35:19.628 [D] [alarm.go:182]  内存使用率告警 2020-02-09 15:35:19.627707 +0800 CST m=+540.053964874 
2020/02/09 15:35:19.628 [D] [alarm.go:100]  离线告警 2020-02-09 15:35:19.627678 +0800 CST m=+540.053935492 
2020/02/09 15:35:19.631 [I] [alarm.go:159]  通知次数(2)超过限制(2), 终端[b64119c8a6194f32bd0e531a77409115]在最近5分钟内CPU使用率大于10%的次数为5, 已超过3次 
2020/02/09 15:35:19.636 [I] [alarm.go:196]  通知次数(2)超过限制(2), 终端[b64119c8a6194f32bd0e531a77409115]在最近5分钟内内存使用率大于10%的次数为5, 已超过3次 
2020/02/09 15:35:19.638 [I] [alarm.go:114]  通知次数(2)超过限制(2), 终端[396ea1ebad7f4cc7be80df051fc025b3]最后一次发送心跳时间为2020-02-06T13:37:19+08:00, 已超过离线时间5分钟 
2020/02/09 15:36:19.628 [D] [alarm.go:100]  离线告警 2020-02-09 15:36:19.628655 +0800 CST m=+600.053115484 
2020/02/09 15:36:19.628 [D] [alarm.go:143]  CPU使用率告警 2020-02-09 15:36:19.62863 +0800 CST m=+600.053090479 
2020/02/09 15:36:19.628 [D] [alarm.go:182]  内存使用率告警 2020-02-09 15:36:19.628619 +0800 CST m=+600.053079929 
2020/02/09 15:36:19.630 [I] [alarm.go:114]  通知次数(2)超过限制(2), 终端[396ea1ebad7f4cc7be80df051fc025b3]最后一次发送心跳时间为2020-02-06T13:37:19+08:00, 已超过离线时间5分钟 
2020/02/09 15:36:19.631 [I] [alarm.go:159]  通知次数(2)超过限制(2), 终端[b64119c8a6194f32bd0e531a77409115]在最近5分钟内CPU使用率大于10%的次数为5, 已超过3次 
2020/02/09 15:36:19.633 [I] [alarm.go:196]  通知次数(2)超过限制(2), 终端[b64119c8a6194f32bd0e531a77409115]在最近5分钟内内存使用率大于10%的次数为5, 已超过3次 
2020/02/09 15:37:19.629 [D] [alarm.go:143]  CPU使用率告警 2020-02-09 15:37:19.629282 +0800 CST m=+660.051944630 
2020/02/09 15:37:19.629 [D] [alarm.go:182]  内存使用率告警 2020-02-09 15:37:19.62927 +0800 CST m=+660.051932713 
2020/02/09 15:37:19.629 [D] [alarm.go:100]  离线告警 2020-02-09 15:37:19.629301 +0800 CST m=+660.051963599 
2020/02/09 15:37:19.633 [I] [alarm.go:196]  通知次数(2)超过限制(2), 终端[b64119c8a6194f32bd0e531a77409115]在最近5分钟内内存使用率大于10%的次数为5, 已超过3次 
2020/02/09 15:37:19.633 [I] [alarm.go:159]  通知次数(2)超过限制(2), 终端[b64119c8a6194f32bd0e531a77409115]在最近5分钟内CPU使用率大于10%的次数为5, 已超过3次 
2020/02/09 15:37:19.635 [I] [alarm.go:114]  通知次数(2)超过限制(2), 终端[396ea1ebad7f4cc7be80df051fc025b3]最后一次发送心跳时间为2020-02-06T13:37:19+08:00, 已超过离线时间5分钟 
2020/02/09 15:38:19.633 [D] [alarm.go:100]  离线告警 2020-02-09 15:38:19.633066 +0800 CST m=+720.053931493 
2020/02/09 15:38:19.633 [D] [alarm.go:182]  内存使用率告警 2020-02-09 15:38:19.633066 +0800 CST m=+720.053931483 
2020/02/09 15:38:19.633 [D] [alarm.go:143]  CPU使用率告警 2020-02-09 15:38:19.633232 +0800 CST m=+720.054097950 
2020/02/09 15:38:19.639 [I] [alarm.go:114]  通知次数(2)超过限制(2), 终端[396ea1ebad7f4cc7be80df051fc025b3]最后一次发送心跳时间为2020-02-06T13:37:19+08:00, 已超过离线时间5分钟 
2020/02/09 15:38:19.643 [I] [alarm.go:196]  通知次数(2)超过限制(2), 终端[b64119c8a6194f32bd0e531a77409115]在最近5分钟内内存使用率大于10%的次数为5, 已超过3次 
2020/02/09 15:38:19.644 [I] [alarm.go:159]  通知次数(2)超过限制(2), 终端[b64119c8a6194f32bd0e531a77409115]在最近5分钟内CPU使用率大于10%的次数为5, 已超过3次 
2020/02/09 15:39:19.635 [D] [alarm.go:182]  内存使用率告警 2020-02-09 15:39:19.635528 +0800 CST m=+780.054596717 
2020/02/09 15:39:19.636 [D] [alarm.go:100]  离线告警 2020-02-09 15:39:19.635537 +0800 CST m=+780.054604554 
2020/02/09 15:39:19.636 [D] [alarm.go:143]  CPU使用率告警 2020-02-09 15:39:19.635547 +0800 CST m=+780.054615068 
2020/02/09 15:39:19.639 [I] [alarm.go:114]  通知次数(2)超过限制(2), 终端[396ea1ebad7f4cc7be80df051fc025b3]最后一次发送心跳时间为2020-02-06T13:37:19+08:00, 已超过离线时间5分钟 
2020/02/09 15:39:19.639 [I] [alarm.go:196]  通知次数(2)超过限制(2), 终端[b64119c8a6194f32bd0e531a77409115]在最近5分钟内内存使用率大于10%的次数为5, 已超过3次 
2020/02/09 15:39:19.643 [I] [alarm.go:159]  通知次数(2)超过限制(2), 终端[b64119c8a6194f32bd0e531a77409115]在最近5分钟内CPU使用率大于10%的次数为5, 已超过3次 
2020/02/09 15:40:19.637 [D] [alarm.go:182]  内存使用率告警 2020-02-09 15:40:19.636987 +0800 CST m=+840.054257574 
2020/02/09 15:40:19.637 [D] [alarm.go:143]  CPU使用率告警 2020-02-09 15:40:19.637066 +0800 CST m=+840.054336839 
2020/02/09 15:40:19.637 [D] [alarm.go:100]  离线告警 2020-02-09 15:40:19.637024 +0800 CST m=+840.054294679 
2020/02/09 15:40:19.642 [I] [alarm.go:196]  通知次数(2)超过限制(2), 终端[b64119c8a6194f32bd0e531a77409115]在最近5分钟内内存使用率大于10%的次数为5, 已超过3次 
2020/02/09 15:40:19.644 [I] [alarm.go:159]  通知次数(2)超过限制(2), 终端[b64119c8a6194f32bd0e531a77409115]在最近5分钟内CPU使用率大于10%的次数为5, 已超过3次 
2020/02/09 15:40:19.651 [I] [alarm.go:114]  通知次数(2)超过限制(2), 终端[396ea1ebad7f4cc7be80df051fc025b3]最后一次发送心跳时间为2020-02-06T13:37:19+08:00, 已超过离线时间5分钟 
2020/02/09 15:41:19.647 [D] [alarm.go:100]  离线告警 2020-02-09 15:41:19.647311 +0800 CST m=+900.053662990 
2020/02/09 15:41:19.647 [D] [alarm.go:143]  CPU使用率告警 2020-02-09 15:41:19.647339 +0800 CST m=+900.053690794 
2020/02/09 15:41:19.647 [D] [alarm.go:182]  内存使用率告警 2020-02-09 15:41:19.647338 +0800 CST m=+900.053689913 
2020/02/09 15:41:19.649 [I] [alarm.go:114]  通知次数(2)超过限制(2), 终端[396ea1ebad7f4cc7be80df051fc025b3]最后一次发送心跳时间为2020-02-06T13:37:19+08:00, 已超过离线时间5分钟 
2020/02/09 15:41:19.650 [I] [alarm.go:159]  通知次数(2)超过限制(2), 终端[b64119c8a6194f32bd0e531a77409115]在最近5分钟内CPU使用率大于10%的次数为5, 已超过3次 
2020/02/09 15:41:19.652 [I] [alarm.go:196]  通知次数(2)超过限制(2), 终端[b64119c8a6194f32bd0e531a77409115]在最近5分钟内内存使用率大于10%的次数为5, 已超过3次 
2020/02/09 15:42:19.649 [D] [alarm.go:100]  离线告警 2020-02-09 15:42:19.649751 +0800 CST m=+960.053371552 
2020/02/09 15:42:19.649 [D] [alarm.go:143]  CPU使用率告警 2020-02-09 15:42:19.649726 +0800 CST m=+960.053346924 
2020/02/09 15:42:19.649 [D] [alarm.go:182]  内存使用率告警 2020-02-09 15:42:19.649711 +0800 CST m=+960.053332496 
2020/02/09 15:42:19.653 [I] [alarm.go:114]  通知次数(2)超过限制(2), 终端[396ea1ebad7f4cc7be80df051fc025b3]最后一次发送心跳时间为2020-02-06T13:37:19+08:00, 已超过离线时间5分钟 
2020/02/09 15:42:19.654 [I] [alarm.go:159]  通知次数(2)超过限制(2), 终端[b64119c8a6194f32bd0e531a77409115]在最近5分钟内CPU使用率大于10%的次数为5, 已超过3次 
2020/02/09 15:42:19.656 [I] [alarm.go:196]  通知次数(2)超过限制(2), 终端[b64119c8a6194f32bd0e531a77409115]在最近5分钟内内存使用率大于10%的次数为5, 已超过3次 
2020/02/09 15:43:19.652 [D] [alarm.go:100]  离线告警 2020-02-09 15:43:19.652073 +0800 CST m=+1020.053875069 
2020/02/09 15:43:19.652 [D] [alarm.go:143]  CPU使用率告警 2020-02-09 15:43:19.652099 +0800 CST m=+1020.053900886 
2020/02/09 15:43:19.652 [D] [alarm.go:182]  内存使用率告警 2020-02-09 15:43:19.652051 +0800 CST m=+1020.053852969 
2020/02/09 15:43:19.655 [I] [alarm.go:114]  通知次数(2)超过限制(2), 终端[396ea1ebad7f4cc7be80df051fc025b3]最后一次发送心跳时间为2020-02-06T13:37:19+08:00, 已超过离线时间5分钟 
2020/02/09 15:43:19.656 [I] [alarm.go:159]  通知次数(2)超过限制(2), 终端[b64119c8a6194f32bd0e531a77409115]在最近5分钟内CPU使用率大于10%的次数为5, 已超过3次 
2020/02/09 15:43:19.658 [I] [alarm.go:196]  通知次数(2)超过限制(2), 终端[b64119c8a6194f32bd0e531a77409115]在最近5分钟内内存使用率大于10%的次数为5, 已超过3次 
2020/02/09 15:44:19.653 [D] [alarm.go:182]  内存使用率告警 2020-02-09 15:44:19.65385 +0800 CST m=+1080.053850774 
2020/02/09 15:44:19.653 [D] [alarm.go:143]  CPU使用率告警 2020-02-09 15:44:19.653896 +0800 CST m=+1080.053897634 
2020/02/09 15:44:19.653 [D] [alarm.go:100]  离线告警 2020-02-09 15:44:19.653851 +0800 CST m=+1080.053852442 
2020/02/09 15:44:19.658 [I] [alarm.go:196]  通知次数(2)超过限制(2), 终端[b64119c8a6194f32bd0e531a77409115]在最近5分钟内内存使用率大于10%的次数为5, 已超过3次 
2020/02/09 15:44:19.658 [I] [alarm.go:159]  通知次数(2)超过限制(2), 终端[b64119c8a6194f32bd0e531a77409115]在最近5分钟内CPU使用率大于10%的次数为4, 已超过3次 
2020/02/09 15:44:19.662 [I] [alarm.go:114]  通知次数(2)超过限制(2), 终端[396ea1ebad7f4cc7be80df051fc025b3]最后一次发送心跳时间为2020-02-06T13:37:19+08:00, 已超过离线时间5分钟 
2020/02/09 15:45:19.656 [D] [alarm.go:100]  离线告警 2020-02-09 15:45:19.655502 +0800 CST m=+1140.053703169 
2020/02/09 15:45:19.658 [D] [alarm.go:143]  CPU使用率告警 2020-02-09 15:45:19.655535 +0800 CST m=+1140.053736271 
2020/02/09 15:45:19.656 [D] [alarm.go:182]  内存使用率告警 2020-02-09 15:45:19.655532 +0800 CST m=+1140.053733092 
2020/02/09 15:45:19.660 [I] [alarm.go:114]  通知次数(2)超过限制(2), 终端[396ea1ebad7f4cc7be80df051fc025b3]最后一次发送心跳时间为2020-02-06T13:37:19+08:00, 已超过离线时间5分钟 
2020/02/09 15:45:19.665 [I] [alarm.go:159]  通知次数(2)超过限制(2), 终端[b64119c8a6194f32bd0e531a77409115]在最近5分钟内CPU使用率大于10%的次数为4, 已超过3次 
2020/02/09 15:45:19.668 [I] [alarm.go:196]  通知次数(2)超过限制(2), 终端[b64119c8a6194f32bd0e531a77409115]在最近5分钟内内存使用率大于10%的次数为5, 已超过3次 
2020/02/09 15:46:19.657 [D] [alarm.go:100]  离线告警 2020-02-09 15:46:19.657385 +0800 CST m=+1200.053786569 
2020/02/09 15:46:19.657 [D] [alarm.go:182]  内存使用率告警 2020-02-09 15:46:19.657411 +0800 CST m=+1200.053812729 
2020/02/09 15:46:19.657 [D] [alarm.go:143]  CPU使用率告警 2020-02-09 15:46:19.657413 +0800 CST m=+1200.053814341 
2020/02/09 15:46:19.659 [I] [alarm.go:114]  通知次数(2)超过限制(2), 终端[396ea1ebad7f4cc7be80df051fc025b3]最后一次发送心跳时间为2020-02-06T13:37:19+08:00, 已超过离线时间5分钟 
2020/02/09 15:46:19.660 [I] [alarm.go:196]  通知次数(2)超过限制(2), 终端[b64119c8a6194f32bd0e531a77409115]在最近5分钟内内存使用率大于10%的次数为5, 已超过3次 
2020/02/09 15:46:19.662 [I] [alarm.go:159]  通知次数(2)超过限制(2), 终端[b64119c8a6194f32bd0e531a77409115]在最近5分钟内CPU使用率大于10%的次数为4, 已超过3次 
2020/02/09 15:47:19.659 [D] [alarm.go:143]  CPU使用率告警 2020-02-09 15:47:19.659689 +0800 CST m=+1260.054290111 
2020/02/09 15:47:19.659 [D] [alarm.go:182]  内存使用率告警 2020-02-09 15:47:19.65966 +0800 CST m=+1260.054261730 
2020/02/09 15:47:19.659 [D] [alarm.go:100]  离线告警 2020-02-09 15:47:19.659707 +0800 CST m=+1260.054308579 
2020/02/09 15:47:19.663 [I] [alarm.go:159]  通知次数(2)超过限制(2), 终端[b64119c8a6194f32bd0e531a77409115]在最近5分钟内CPU使用率大于10%的次数为4, 已超过3次 
2020/02/09 15:47:19.663 [I] [alarm.go:196]  通知次数(2)超过限制(2), 终端[b64119c8a6194f32bd0e531a77409115]在最近5分钟内内存使用率大于10%的次数为5, 已超过3次 
2020/02/09 15:47:19.664 [I] [alarm.go:114]  通知次数(2)超过限制(2), 终端[396ea1ebad7f4cc7be80df051fc025b3]最后一次发送心跳时间为2020-02-06T13:37:19+08:00, 已超过离线时间5分钟 
2020/02/09 15:48:19.662 [D] [alarm.go:143]  CPU使用率告警 2020-02-09 15:48:19.661825 +0800 CST m=+1320.054625894 
2020/02/09 15:48:19.662 [D] [alarm.go:100]  离线告警 2020-02-09 15:48:19.661797 +0800 CST m=+1320.054598797 
2020/02/09 15:48:19.662 [D] [alarm.go:182]  内存使用率告警 2020-02-09 15:48:19.661779 +0800 CST m=+1320.054580182 
2020/02/09 15:48:19.664 [I] [alarm.go:114]  通知次数(2)超过限制(2), 终端[396ea1ebad7f4cc7be80df051fc025b3]最后一次发送心跳时间为2020-02-06T13:37:19+08:00, 已超过离线时间5分钟 
2020/02/09 15:48:19.665 [I] [alarm.go:159]  通知次数(2)超过限制(2), 终端[b64119c8a6194f32bd0e531a77409115]在最近5分钟内CPU使用率大于10%的次数为4, 已超过3次 
2020/02/09 15:48:19.667 [I] [alarm.go:196]  通知次数(2)超过限制(2), 终端[b64119c8a6194f32bd0e531a77409115]在最近5分钟内内存使用率大于10%的次数为5, 已超过3次 
2020/02/09 15:49:19.658 [D] [alarm.go:182]  内存使用率告警 2020-02-09 15:49:19.658673 +0800 CST m=+1380.049674210 
2020/02/09 15:49:19.658 [D] [alarm.go:143]  CPU使用率告警 2020-02-09 15:49:19.658684 +0800 CST m=+1380.049685281 
2020/02/09 15:49:19.659 [D] [alarm.go:100]  离线告警 2020-02-09 15:49:19.658956 +0800 CST m=+1380.049957157 
2020/02/09 15:49:19.663 [I] [alarm.go:196]  通知次数(2)超过限制(2), 终端[b64119c8a6194f32bd0e531a77409115]在最近5分钟内内存使用率大于10%的次数为5, 已超过3次 
2020/02/09 15:49:19.664 [I] [alarm.go:159]  通知次数(2)超过限制(2), 终端[b64119c8a6194f32bd0e531a77409115]在最近5分钟内CPU使用率大于10%的次数为4, 已超过3次 
2020/02/09 15:49:19.666 [I] [alarm.go:114]  通知次数(2)超过限制(2), 终端[396ea1ebad7f4cc7be80df051fc025b3]最后一次发送心跳时间为2020-02-06T13:37:19+08:00, 已超过离线时间5分钟 
2020/02/09 15:50:19.664 [D] [alarm.go:100]  离线告警 2020-02-09 15:50:19.664389 +0800 CST m=+1440.053590676 
2020/02/09 15:50:19.665 [D] [alarm.go:143]  CPU使用率告警 2020-02-09 15:50:19.664495 +0800 CST m=+1440.053696853 
2020/02/09 15:50:19.664 [D] [alarm.go:182]  内存使用率告警 2020-02-09 15:50:19.664493 +0800 CST m=+1440.053694538 
2020/02/09 15:50:19.668 [I] [alarm.go:159]  通知次数(2)超过限制(2), 终端[b64119c8a6194f32bd0e531a77409115]在最近5分钟内CPU使用率大于10%的次数为4, 已超过3次 
2020/02/09 15:50:19.668 [I] [alarm.go:114]  通知次数(2)超过限制(2), 终端[396ea1ebad7f4cc7be80df051fc025b3]最后一次发送心跳时间为2020-02-06T13:37:19+08:00, 已超过离线时间5分钟 
2020/02/09 15:50:19.674 [I] [alarm.go:196]  通知次数(2)超过限制(2), 终端[b64119c8a6194f32bd0e531a77409115]在最近5分钟内内存使用率大于10%的次数为5, 已超过3次 
2020/02/09 15:51:19.663 [D] [alarm.go:182]  内存使用率告警 2020-02-09 15:51:19.66297 +0800 CST m=+1500.050371891 
2020/02/09 15:51:19.663 [D] [alarm.go:143]  CPU使用率告警 2020-02-09 15:51:19.663046 +0800 CST m=+1500.050447415 
2020/02/09 15:51:19.663 [D] [alarm.go:100]  离线告警 2020-02-09 15:51:19.662999 +0800 CST m=+1500.050400212 
2020/02/09 15:51:19.666 [I] [alarm.go:159]  通知次数(2)超过限制(2), 终端[b64119c8a6194f32bd0e531a77409115]在最近5分钟内CPU使用率大于10%的次数为3, 已超过3次 
2020/02/09 15:51:19.666 [I] [alarm.go:196]  通知次数(2)超过限制(2), 终端[b64119c8a6194f32bd0e531a77409115]在最近5分钟内内存使用率大于10%的次数为5, 已超过3次 
2020/02/09 15:51:19.668 [I] [alarm.go:114]  通知次数(2)超过限制(2), 终端[396ea1ebad7f4cc7be80df051fc025b3]最后一次发送心跳时间为2020-02-06T13:37:19+08:00, 已超过离线时间5分钟 
2020/02/09 18:52:19.023 [D] [alarm.go:100]  离线告警 2020-02-09 18:52:19.022835 +0800 CST m=+1560.052704469 
2020/02/09 18:52:19.023 [D] [alarm.go:182]  内存使用率告警 2020-02-09 18:52:19.022861 +0800 CST m=+1560.052729764 
2020/02/09 18:52:19.023 [D] [alarm.go:143]  CPU使用率告警 2020-02-09 18:52:19.022875 +0800 CST m=+1560.052743838 
2020/02/09 18:52:19.032 [I] [alarm.go:122]  终端离线告警:  终端[396ea1ebad7f4cc7be80df051fc025b3]最后一次发送心跳时间为2020-02-06T13:37:19+08:00, 已超过离线时间5分钟 , email通知: dial tcp: lookup smtp.qq.com: no such host , sms通知: [TencentCloudSDKError] Code=ClientError.NetworkError, Message=Fail to get response because Post https://sms.tencentcloudapi.com/: dial tcp: lookup sms.tencentcloudapi.com: no such host, RequestId= 
2020/02/09 19:46:05.953 [D] [alarm.go:182]  内存使用率告警 2020-02-09 19:46:05.943195 +0800 CST m=+1620.060246360 
2020/02/09 19:46:05.953 [D] [alarm.go:143]  CPU使用率告警 2020-02-09 19:46:05.944224 +0800 CST m=+1620.061275630 
2020/02/09 19:46:05.953 [D] [alarm.go:100]  离线告警 2020-02-09 19:46:05.943192 +0800 CST m=+1620.060243190 
2020/02/09 19:46:06.012 [I] [alarm.go:122]  终端离线告警:  终端[396ea1ebad7f4cc7be80df051fc025b3]最后一次发送心跳时间为2020-02-06T13:37:19+08:00, 已超过离线时间5分钟 , email通知: dial tcp: lookup smtp.qq.com: no such host , sms通知: [TencentCloudSDKError] Code=ClientError.NetworkError, Message=Fail to get response because Post https://sms.tencentcloudapi.com/: dial tcp: lookup sms.tencentcloudapi.com: no such host, RequestId= 
2020/02/09 19:47:04.548 [D] [alarm.go:143]  CPU使用率告警 2020-02-09 19:47:04.548384 +0800 CST m=+1680.050766743 
2020/02/09 19:47:04.548 [D] [alarm.go:182]  内存使用率告警 2020-02-09 19:47:04.548376 +0800 CST m=+1680.050759097 
2020/02/09 19:47:04.551 [D] [alarm.go:100]  离线告警 2020-02-09 19:47:04.551866 +0800 CST m=+1680.054249083 
2020/02/09 19:47:04.553 [I] [alarm.go:114]  通知次数(2)超过限制(2), 终端[396ea1ebad7f4cc7be80df051fc025b3]最后一次发送心跳时间为2020-02-06T13:37:19+08:00, 已超过离线时间5分钟 
2020/02/09 19:48:04.552 [D] [alarm.go:182]  内存使用率告警 2020-02-09 19:48:04.552926 +0800 CST m=+1740.053760975 
2020/02/09 19:48:04.553 [D] [alarm.go:100]  离线告警 2020-02-09 19:48:04.552937 +0800 CST m=+1740.053771218 
2020/02/09 19:48:04.553 [D] [alarm.go:143]  CPU使用率告警 2020-02-09 19:48:04.553059 +0800 CST m=+1740.053893112 
2020/02/09 19:48:04.560 [I] [alarm.go:114]  通知次数(2)超过限制(2), 终端[396ea1ebad7f4cc7be80df051fc025b3]最后一次发送心跳时间为2020-02-06T13:37:19+08:00, 已超过离线时间5分钟 
2020/02/09 19:49:04.553 [D] [alarm.go:182]  内存使用率告警 2020-02-09 19:49:04.553501 +0800 CST m=+1800.052791255 
2020/02/09 19:49:04.553 [D] [alarm.go:143]  CPU使用率告警 2020-02-09 19:49:04.553503 +0800 CST m=+1800.052793159 
2020/02/09 19:49:04.553 [D] [alarm.go:100]  离线告警 2020-02-09 19:49:04.553466 +0800 CST m=+1800.052756292 
2020/02/09 19:49:04.559 [I] [alarm.go:114]  通知次数(2)超过限制(2), 终端[396ea1ebad7f4cc7be80df051fc025b3]最后一次发送心跳时间为2020-02-06T13:37:19+08:00, 已超过离线时间5分钟 
2020/02/09 19:49:06.255 [I] [alarm.go:167]  终端CPU告警:  终端[b64119c8a6194f32bd0e531a77409115]在最近5分钟内CPU使用率大于10%的次数为3, 已超过3次 , email通知: <nil> , sms通知: [TencentCloudSDKError] Code=AuthFailure.SignatureFailure, Message=请求签名验证失败，请检查您的签名计算是否正确。, RequestId=c4c6ec55-0255-4620-88ce-0221acc4cfe6 
2020/02/09 19:49:06.268 [I] [alarm.go:204]  终端内存告警:  终端[b64119c8a6194f32bd0e531a77409115]在最近5分钟内内存使用率大于10%的次数为3, 已超过3次 , email通知: <nil> , sms通知: [TencentCloudSDKError] Code=AuthFailure.SignatureFailure, Message=请求签名验证失败，请检查您的签名计算是否正确。, RequestId=e19a76d5-ec27-4c8d-9f70-5af9a001ae2e 
2020/02/09 19:50:04.556 [D] [alarm.go:143]  CPU使用率告警 2020-02-09 19:50:04.556263 +0800 CST m=+1860.054009922 
2020/02/09 19:50:04.556 [D] [alarm.go:182]  内存使用率告警 2020-02-09 19:50:04.556256 +0800 CST m=+1860.054002492 
2020/02/09 19:50:04.556 [D] [alarm.go:100]  离线告警 2020-02-09 19:50:04.556274 +0800 CST m=+1860.054020608 
2020/02/09 19:50:04.560 [I] [alarm.go:114]  通知次数(2)超过限制(2), 终端[396ea1ebad7f4cc7be80df051fc025b3]最后一次发送心跳时间为2020-02-06T13:37:19+08:00, 已超过离线时间5分钟 
2020/02/09 19:50:06.712 [I] [alarm.go:167]  终端CPU告警:  终端[b64119c8a6194f32bd0e531a77409115]在最近5分钟内CPU使用率大于10%的次数为4, 已超过3次 , email通知: <nil> , sms通知: [TencentCloudSDKError] Code=AuthFailure.SignatureFailure, Message=请求签名验证失败，请检查您的签名计算是否正确。, RequestId=51f567c3-c809-42f4-997f-2db7a935dddd 
2020/02/09 19:50:06.763 [I] [alarm.go:204]  终端内存告警:  终端[b64119c8a6194f32bd0e531a77409115]在最近5分钟内内存使用率大于10%的次数为4, 已超过3次 , email通知: <nil> , sms通知: [TencentCloudSDKError] Code=AuthFailure.SignatureFailure, Message=请求签名验证失败，请检查您的签名计算是否正确。, RequestId=34d4a106-6071-4962-a00e-ef8287d47751 
