2020/06/05 08:53:38.864 [D] [server.go:2774]  |            ::1|[97;42m 200 [0m|  17.984164ms|   match|[97;44m GET     [0m /auth/login   r:/auth/login/*
2020/06/05 08:53:40.880 [D] [server.go:2774]  |            ::1|[90;47m 302 [0m|  99.837121ms|   match|[97;46m POST    [0m /auth/login   r:/auth/login/*
2020/06/05 08:53:41.035 [D] [server.go:2774]  |            ::1|[97;42m 200 [0m| 143.629575ms|   match|[97;44m GET     [0m /userpage/index   r:/userpage/index/*
2020/06/05 08:53:41.697 [D] [server.go:2774]  |            ::1|[97;42m 200 [0m|  12.108311ms|   match|[97;44m GET     [0m /user/list   r:/user/list/*
2020/06/05 08:53:48.530 [D] [server.go:2774]  |            ::1|[97;42m 200 [0m|    6.16114ms|   match|[97;44m GET     [0m /user/modify   r:/user/modify/*
2020/06/05 08:53:53.464 [D] [server.go:2774]  |            ::1|[97;42m 200 [0m|    7.44416ms|   match|[97;44m GET     [0m /user/modify   r:/user/modify/*
2020/06/05 08:53:55.916 [D] [server.go:2774]  |            ::1|[97;42m 200 [0m|  50.033301ms|   match|[97;44m GET     [0m /dashboardpage/index   r:/dashboardpage/index/*
2020/06/05 08:53:56.176 [D] [server.go:2774]  |            ::1|[97;42m 200 [0m|  32.927987ms|   match|[97;44m GET     [0m /dashboard/stat   r:/dashboard/stat/*
2020/06/05 08:53:59.588 [D] [server.go:2774]  |            ::1|[97;42m 200 [0m| 115.788963ms|   match|[97;44m GET     [0m /cloudplatformpage/index   r:/cloudplatformpage/index/*
2020/06/05 08:53:59.895 [D] [server.go:2774]  |            ::1|[97;42m 200 [0m|  22.915442ms|   match|[97;44m GET     [0m /cloudplatform/list   r:/cloudplatform/list/*
2020/06/05 08:54:00.386 [D] [server.go:2774]  |            ::1|[97;42m 200 [0m|   42.69166ms|   match|[97;44m GET     [0m /virtualmachinepage/index   r:/virtualmachinepage/index/*
2020/06/05 08:54:00.578 [D] [server.go:2774]  |            ::1|[97;42m 200 [0m|  15.916996ms|   match|[97;44m GET     [0m /virtualmachine/list   r:/virtualmachine/list/*
2020/06/05 08:54:01.407 [D] [server.go:2774]  |            ::1|[97;42m 200 [0m| 116.439545ms|   match|[97;44m GET     [0m /cloudplatformpage/index   r:/cloudplatformpage/index/*
2020/06/05 08:54:01.628 [D] [server.go:2774]  |            ::1|[97;42m 200 [0m|   9.421479ms|   match|[97;44m GET     [0m /cloudplatform/list   r:/cloudplatform/list/*
2020/06/05 08:54:02.076 [D] [server.go:2774]  |            ::1|[97;42m 200 [0m|  42.661626ms|   match|[97;44m GET     [0m /virtualmachinepage/index   r:/virtualmachinepage/index/*
2020/06/05 08:54:02.312 [D] [server.go:2774]  |            ::1|[97;42m 200 [0m|  20.228632ms|   match|[97;44m GET     [0m /virtualmachine/list   r:/virtualmachine/list/*
2020/06/05 08:54:03.838 [D] [server.go:2774]  |            ::1|[97;42m 200 [0m|  50.314671ms|   match|[97;44m GET     [0m /agentpage/index   r:/agentpage/index/*
2020/06/05 08:54:04.048 [D] [server.go:2774]  |            ::1|[97;42m 200 [0m|  17.846969ms|   match|[97;44m GET     [0m /agent/list   r:/agent/list/*
2020/06/05 08:54:05.883 [D] [server.go:2774]  |            ::1|[97;42m 200 [0m|  51.910519ms|   match|[97;44m GET     [0m /agentpage/index   r:/agentpage/index/*
2020/06/05 08:54:06.074 [D] [server.go:2774]  |            ::1|[97;42m 200 [0m|   5.996798ms|   match|[97;44m GET     [0m /agent/list   r:/agent/list/*
2020/06/05 08:54:07.436 [D] [server.go:2774]  |            ::1|[97;42m 200 [0m|  48.883187ms|   match|[97;44m GET     [0m /dashboardpage/index   r:/dashboardpage/index/*
2020/06/05 08:54:07.591 [D] [server.go:2774]  |            ::1|[97;42m 200 [0m|  19.972297ms|   match|[97;44m GET     [0m /dashboard/stat   r:/dashboard/stat/*
2020/06/05 08:54:10.291 [D] [server.go:2774]  |            ::1|[97;42m 200 [0m|  38.809535ms|   match|[97;44m GET     [0m /dashboardpage/index   r:/dashboardpage/index/*
2020/06/05 08:54:10.429 [D] [server.go:2774]  |            ::1|[97;42m 200 [0m|   9.211848ms|   match|[97;44m GET     [0m /dashboard/stat   r:/dashboard/stat/*
2020/06/05 08:54:11.931 [D] [server.go:2774]  |            ::1|[97;42m 200 [0m|   52.20721ms|   match|[97;44m GET     [0m /userpage/index   r:/userpage/index/*
2020/06/05 08:54:12.111 [D] [server.go:2774]  |            ::1|[97;42m 200 [0m|   9.363542ms|   match|[97;44m GET     [0m /user/list   r:/user/list/*
2020/06/05 08:54:14.844 [D] [server.go:2774]  |            ::1|[97;42m 200 [0m|  38.692742ms|   match|[97;44m GET     [0m /dashboardpage/index   r:/dashboardpage/index/*
2020/06/05 08:54:14.981 [D] [server.go:2774]  |            ::1|[97;42m 200 [0m|   7.448374ms|   match|[97;44m GET     [0m /dashboard/stat   r:/dashboard/stat/*
2020/08/13 22:05:20.587 [I] [asm_amd64.s:1337]  http server Running on http://:8889
2020/08/13 22:05:45.411 [I] [asm_amd64.s:1337]  http server Running on http://:8889
2020/08/16 14:00:06.322 [I] [asm_amd64.s:1337]  http server Running on http://:8889
2020/08/16 14:01:30.811 [I] [asm_amd64.s:1337]  http server Running on http://:8889
2020/08/16 14:02:00.170 [D] [server.go:2774]  |            ::1|[97;42m 200 [0m|  37.761629ms|   match|[97;44m GET     [0m /auth/login   r:/auth/login/*
2020/08/16 14:02:00.279 [D] [server.go:2774]  |            ::1|[97;42m 200 [0m|   1.240792ms|   match|[97;44m GET     [0m /static/plugins/Font-Awesome-4.7.0/css/font-awesome.min.css
2020/08/16 14:02:00.283 [D] [server.go:2774]  |            ::1|[97;42m 200 [0m|   5.040441ms|   match|[97;44m GET     [0m /static/css/main.css
2020/08/16 14:02:00.737 [D] [server.go:2774]  |            ::1|[97;42m 200 [0m|   1.217979ms|   match|[97;44m GET     [0m /static/plugins/Font-Awesome-4.7.0/fonts/fontawesome-webfont.woff2
2020/08/16 14:02:00.798 [D] [server.go:2774]  |            ::1|[97;43m 404 [0m|   1.062118ms| nomatch|[97;44m GET     [0m /favicon.ico
2020/08/16 14:02:02.280 [D] [server.go:2774]  |            ::1|[90;47m 302 [0m|  30.991686ms|   match|[97;46m POST    [0m /auth/login   r:/auth/login/*
2020/08/16 14:02:02.367 [D] [server.go:2774]  |            ::1|[97;42m 200 [0m|  81.900515ms|   match|[97;44m GET     [0m /userpage/index   r:/userpage/index/*
2020/08/16 14:02:02.467 [D] [server.go:2774]  |            ::1|[97;42m 200 [0m|   1.493521ms|   match|[97;44m GET     [0m /static/plugins/sweetalert-1.1.3/dist/sweetalert.css
2020/08/16 14:02:02.490 [D] [server.go:2774]  |            ::1|[97;42m 200 [0m|  17.054677ms|   match|[97;44m GET     [0m /static/js/jquery-3.3.1.min.js
2020/08/16 14:02:02.501 [D] [server.go:2774]  |            ::1|[97;42m 200 [0m|  12.160246ms|   match|[97;44m GET     [0m /static/js/popper.min.js
2020/08/16 14:02:02.507 [D] [server.go:2774]  |            ::1|[97;42m 200 [0m|   8.522313ms|   match|[97;44m GET     [0m /static/js/plugins/dataTables.bootstrap.min.js
2020/08/16 14:02:02.515 [D] [server.go:2774]  |            ::1|[97;42m 200 [0m|  19.493263ms|   match|[97;44m GET     [0m /static/js/plugins/jquery.dataTables.min.js
2020/08/16 14:02:02.519 [D] [server.go:2774]  |            ::1|[97;42m 200 [0m|   5.283245ms|   match|[97;44m GET     [0m /static/js/jquery.cookie-1.4.1.min.js
2020/08/16 14:02:02.523 [D] [server.go:2774]  |            ::1|[97;42m 200 [0m|  24.944502ms|   match|[97;44m GET     [0m /static/js/bootstrap.min.js
2020/08/16 14:02:02.526 [D] [server.go:2774]  |            ::1|[97;42m 200 [0m|  22.707958ms|   match|[97;44m GET     [0m /static/js/main.js
2020/08/16 14:02:02.535 [D] [server.go:2774]  |            ::1|[97;42m 200 [0m|  23.823293ms|   match|[97;44m GET     [0m /static/js/jquery.base64.js
2020/08/16 14:02:02.546 [D] [server.go:2774]  |            ::1|[97;42m 200 [0m|  33.855073ms|   match|[97;44m GET     [0m /static/js/plugins/pace.min.js
2020/08/16 14:02:02.550 [D] [server.go:2774]  |            ::1|[97;42m 200 [0m|   9.339444ms|   match|[97;44m GET     [0m /static/plugins/sweetalert-1.1.3/dist/sweetalert.min.js
2020/08/16 14:02:02.556 [D] [server.go:2774]  |            ::1|[97;42m 200 [0m|  28.965125ms|   match|[97;44m GET     [0m /static/plugins/bootstrap-datepicker-1.9.0/js/bootstrap-datepicker.min.js
2020/08/16 14:02:02.558 [D] [server.go:2774]  |            ::1|[97;42m 200 [0m|   15.26328ms|   match|[97;44m GET     [0m /static/plugins/bootstrap-datepicker-1.9.0/locales/bootstrap-datepicker.zh-CN.min.js
2020/08/16 14:02:02.558 [D] [server.go:2774]  |            ::1|[97;42m 200 [0m|    7.81968ms|   match|[97;44m GET     [0m /static/plugins/jquery.formatDateTime-1.1.6/dist/jquery.formatDateTime.min.js
2020/08/16 14:02:02.570 [D] [server.go:2774]  |            ::1|[97;42m 200 [0m|   42.65592ms|   match|[97;44m GET     [0m /static/js/utils.js
2020/08/16 14:02:02.575 [D] [server.go:2774]  |            ::1|[97;42m 200 [0m|   9.269223ms|   match|[97;44m GET     [0m /static/js/plugins/select2.min.js
2020/08/16 14:02:02.587 [D] [server.go:2774]  |            ::1|[97;42m 200 [0m|  15.159377ms|   match|[97;44m GET     [0m /static/plugins/incubator-echarts-4.6.0-rc.1/dist/echarts.min.js
2020/08/16 14:02:02.844 [D] [server.go:2774]  |            ::1|[97;42m 200 [0m|     406.17µs|   match|[97;44m GET     [0m /static/json/datatable.i18n.zh-CN.json
2020/08/16 14:02:02.910 [D] [server.go:2774]  |            ::1|[97;42m 200 [0m|   8.160859ms|   match|[97;44m GET     [0m /user/list   r:/user/list/*
2020/08/16 14:02:06.725 [D] [server.go:2774]  |            ::1|[97;42m 200 [0m| 144.108459ms|   match|[97;44m GET     [0m /cloudplatformpage/index   r:/cloudplatformpage/index/*
2020/08/16 14:02:06.964 [D] [server.go:2774]  |            ::1|[97;42m 200 [0m|   7.212412ms|   match|[97;44m GET     [0m /cloudplatform/list   r:/cloudplatform/list/*
2020/08/16 14:02:09.785 [D] [server.go:2774]  |            ::1|[97;42m 200 [0m|  52.453767ms|   match|[97;44m GET     [0m /virtualmachinepage/index   r:/virtualmachinepage/index/*
2020/08/16 14:02:09.967 [D] [server.go:2774]  |            ::1|[97;42m 200 [0m|   9.728718ms|   match|[97;44m GET     [0m /virtualmachine/list   r:/virtualmachine/list/*
2020/08/16 14:02:11.088 [D] [server.go:2774]  |            ::1|[97;42m 200 [0m| 102.088942ms|   match|[97;44m GET     [0m /cloudplatformpage/index   r:/cloudplatformpage/index/*
2020/08/16 14:02:11.279 [D] [server.go:2774]  |            ::1|[97;42m 200 [0m|   8.472531ms|   match|[97;44m GET     [0m /cloudplatform/list   r:/cloudplatform/list/*
2020/08/16 14:02:11.747 [D] [server.go:2774]  |            ::1|[97;42m 200 [0m|  39.524337ms|   match|[97;44m GET     [0m /virtualmachinepage/index   r:/virtualmachinepage/index/*
2020/08/16 14:02:11.911 [D] [server.go:2774]  |            ::1|[97;42m 200 [0m|   8.127424ms|   match|[97;44m GET     [0m /virtualmachine/list   r:/virtualmachine/list/*
2020/08/16 14:02:14.475 [D] [server.go:2774]  |            ::1|[97;42m 200 [0m|   5.789492ms|   match|[97;44m GET     [0m /virtualmachine/list   r:/virtualmachine/list/*
2020/08/16 14:02:18.931 [D] [server.go:2774]  |            ::1|[97;42m 200 [0m|   44.32045ms|   match|[97;44m GET     [0m /resourcepage/index   r:/resourcepage/index/*
2020/08/16 14:02:19.146 [D] [server.go:2774]  |            ::1|[97;42m 200 [0m|  31.021681ms|   match|[97;44m GET     [0m /resource/list   r:/resource/list/*
2020/08/16 14:02:28.424 [D] [server.go:2774]  |            ::1|[97;42m 200 [0m|  36.927436ms|   match|[97;44m GET     [0m /resourcepage/index   r:/resourcepage/index/*
2020/08/16 14:02:28.699 [D] [server.go:2774]  |            ::1|[97;42m 200 [0m|   8.266887ms|   match|[97;44m GET     [0m /resource/list   r:/resource/list/*
2020/08/16 14:02:30.143 [D] [server.go:2774]  |            ::1|[97;42m 200 [0m|  35.755804ms|   match|[97;44m GET     [0m /resourcepage/index   r:/resourcepage/index/*
2020/08/16 14:02:30.307 [D] [server.go:2774]  |            ::1|[97;42m 200 [0m|   5.099133ms|   match|[97;44m GET     [0m /resource/list   r:/resource/list/*
2020/08/16 14:02:32.377 [D] [server.go:2774]  |            ::1|[97;42m 200 [0m|  41.740502ms|   match|[97;44m GET     [0m /resourcepage/index   r:/resourcepage/index/*
2020/08/16 14:02:32.569 [D] [server.go:2774]  |            ::1|[97;42m 200 [0m|   9.950341ms|   match|[97;44m GET     [0m /resource/list   r:/resource/list/*
2020/08/16 14:02:35.744 [D] [server.go:2774]  |            ::1|[97;42m 200 [0m|   9.726606ms|   match|[97;44m GET     [0m /resource/list   r:/resource/list/*
2020/08/16 14:02:36.368 [D] [server.go:2774]  |            ::1|[97;42m 200 [0m|    3.69497ms|   match|[97;44m GET     [0m /resource/list   r:/resource/list/*
2020/08/16 14:02:36.561 [D] [server.go:2774]  |            ::1|[97;42m 200 [0m|    4.01058ms|   match|[97;44m GET     [0m /resource/list   r:/resource/list/*
2020/08/16 14:02:36.770 [D] [server.go:2774]  |            ::1|[97;42m 200 [0m|   4.966309ms|   match|[97;44m GET     [0m /resource/list   r:/resource/list/*
2020/08/16 14:02:36.966 [D] [server.go:2774]  |            ::1|[97;42m 200 [0m|   3.867061ms|   match|[97;44m GET     [0m /resource/list   r:/resource/list/*
2020/08/16 14:02:37.683 [D] [server.go:2774]  |            ::1|[97;42m 200 [0m|   5.291655ms|   match|[97;44m GET     [0m /resource/list   r:/resource/list/*
2020/08/16 14:02:47.844 [D] [server.go:2774]  |            ::1|[97;42m 200 [0m|   9.025404ms|   match|[97;44m GET     [0m /agent/list   r:/agent/list/*
2020/08/16 14:02:50.217 [D] [server.go:2774]  |            ::1|[97;42m 200 [0m|   7.683171ms|   match|[97;44m GET     [0m /resource/list   r:/resource/list/*
2020/08/16 14:02:53.820 [D] [server.go:2774]  |            ::1|[97;42m 200 [0m|  38.423167ms|   match|[97;44m GET     [0m /resourcepage/index   r:/resourcepage/index/*
2020/08/16 14:02:54.046 [D] [server.go:2774]  |            ::1|[97;42m 200 [0m|   6.628056ms|   match|[97;44m GET     [0m /resource/list   r:/resource/list/*
2020/08/16 14:02:55.772 [D] [server.go:2774]  |            ::1|[97;42m 200 [0m|  43.698334ms|   match|[97;44m GET     [0m /userpage/index   r:/userpage/index/*
2020/08/16 14:02:55.986 [D] [server.go:2774]  |            ::1|[97;42m 200 [0m|   19.39647ms|   match|[97;44m GET     [0m /user/list   r:/user/list/*
2020/08/16 14:02:58.346 [D] [server.go:2774]  |            ::1|[97;42m 200 [0m|  124.30351ms|   match|[97;44m GET     [0m /cloudplatformpage/index   r:/cloudplatformpage/index/*
2020/08/16 14:02:58.519 [D] [server.go:2774]  |            ::1|[97;42m 200 [0m|    4.07561ms|   match|[97;44m GET     [0m /cloudplatform/list   r:/cloudplatform/list/*
2020/08/16 14:02:59.916 [D] [server.go:2774]  |            ::1|[97;42m 200 [0m|  40.607039ms|   match|[97;44m GET     [0m /virtualmachinepage/index   r:/virtualmachinepage/index/*
2020/08/16 14:03:00.121 [D] [server.go:2774]  |            ::1|[97;42m 200 [0m|   8.112204ms|   match|[97;44m GET     [0m /virtualmachine/list   r:/virtualmachine/list/*
2020/08/16 14:03:02.953 [D] [server.go:2774]  |            ::1|[97;42m 200 [0m|   4.074858ms|   match|[97;44m GET     [0m /virtualmachine/list   r:/virtualmachine/list/*
2020/08/16 14:03:06.473 [D] [server.go:2774]  |            ::1|[97;42m 200 [0m|   5.575097ms|   match|[97;44m GET     [0m /virtualmachine/list   r:/virtualmachine/list/*
2020/08/16 14:03:10.091 [D] [server.go:2774]  |            ::1|[97;42m 200 [0m|  13.373842ms|   match|[97;44m GET     [0m /virtualmachine/list   r:/virtualmachine/list/*
2020/08/16 14:03:20.089 [D] [server.go:2774]  |            ::1|[97;42m 200 [0m|   8.322284ms|   match|[97;44m GET     [0m /virtualmachine/list   r:/virtualmachine/list/*
2020/08/16 14:03:22.166 [D] [server.go:2774]  |            ::1|[97;42m 200 [0m| 1.345847186s|   match|[97;46m POST    [0m /virtualmachine/start   r:/virtualmachine/start/*
2020/08/16 14:03:22.623 [D] [server.go:2774]  |            ::1|[97;42m 200 [0m| 694.739925ms|   match|[97;46m POST    [0m /virtualmachine/start   r:/virtualmachine/start/*
2020/08/16 14:03:26.181 [D] [server.go:2774]  |            ::1|[97;42m 200 [0m| 534.982986ms|   match|[97;46m POST    [0m /virtualmachine/start   r:/virtualmachine/start/*
2020/08/16 14:03:29.189 [D] [server.go:2774]  |            ::1|[97;42m 200 [0m|   4.308544ms|   match|[97;44m GET     [0m /cloudplatform/list   r:/cloudplatform/list/*
2020/08/16 14:03:30.090 [D] [server.go:2774]  |            ::1|[97;42m 200 [0m|   9.565268ms|   match|[97;44m GET     [0m /virtualmachine/list   r:/virtualmachine/list/*
2020/08/16 14:03:30.102 [D] [server.go:2774]  |            ::1|[97;42m 200 [0m|  13.527181ms|   match|[97;44m GET     [0m /virtualmachine/list   r:/virtualmachine/list/*
2020/08/16 14:03:30.814 [D] [server.go:2774]  |            ::1|[97;42m 200 [0m|   5.918912ms|   match|[97;44m GET     [0m /cloudplatform/list   r:/cloudplatform/list/*
2020/08/16 14:03:31.792 [D] [server.go:2774]  |            ::1|[97;42m 200 [0m|   5.506563ms|   match|[97;44m GET     [0m /virtualmachine/list   r:/virtualmachine/list/*
2020/08/16 14:03:32.486 [D] [server.go:2774]  |            ::1|[97;42m 200 [0m|   5.728699ms|   match|[97;44m GET     [0m /cloudplatform/list   r:/cloudplatform/list/*
2020/08/16 14:03:33.374 [D] [server.go:2774]  |            ::1|[97;42m 200 [0m|   4.379328ms|   match|[97;44m GET     [0m /virtualmachine/list   r:/virtualmachine/list/*
2020/08/16 14:03:34.114 [D] [server.go:2774]  |            ::1|[97;42m 200 [0m|    4.78972ms|   match|[97;44m GET     [0m /cloudplatform/list   r:/cloudplatform/list/*
2020/08/16 14:03:35.089 [D] [server.go:2774]  |            ::1|[97;42m 200 [0m|  11.992904ms|   match|[97;44m GET     [0m /virtualmachine/list   r:/virtualmachine/list/*
2020/08/16 14:03:35.791 [D] [server.go:2774]  |            ::1|[97;42m 200 [0m|   4.724372ms|   match|[97;44m GET     [0m /cloudplatform/list   r:/cloudplatform/list/*
2020/08/16 14:03:36.638 [D] [server.go:2774]  |            ::1|[97;42m 200 [0m|   8.202718ms|   match|[97;44m GET     [0m /virtualmachine/list   r:/virtualmachine/list/*
2020/08/16 14:03:37.237 [D] [server.go:2774]  |            ::1|[97;42m 200 [0m|   8.868489ms|   match|[97;44m GET     [0m /cloudplatform/list   r:/cloudplatform/list/*
2020/08/16 14:03:38.491 [D] [server.go:2774]  |            ::1|[97;42m 200 [0m|    6.65603ms|   match|[97;44m GET     [0m /virtualmachine/list   r:/virtualmachine/list/*
2020/08/16 14:03:39.761 [D] [server.go:2774]  |            ::1|[97;42m 200 [0m|   3.820505ms|   match|[97;44m GET     [0m /cloudplatform/list   r:/cloudplatform/list/*
2020/08/16 14:03:40.089 [D] [server.go:2774]  |            ::1|[97;42m 200 [0m|   7.250745ms|   match|[97;44m GET     [0m /virtualmachine/list   r:/virtualmachine/list/*
2020/08/16 14:03:40.760 [D] [server.go:2774]  |            ::1|[97;42m 200 [0m|   6.961294ms|   match|[97;44m GET     [0m /virtualmachine/list   r:/virtualmachine/list/*
2020/08/16 14:03:41.411 [D] [server.go:2774]  |            ::1|[97;42m 200 [0m|    7.55607ms|   match|[97;44m GET     [0m /cloudplatform/list   r:/cloudplatform/list/*
2020/08/16 14:03:42.539 [D] [server.go:2774]  |            ::1|[97;42m 200 [0m|  17.531988ms|   match|[97;44m GET     [0m /virtualmachine/list   r:/virtualmachine/list/*
2020/08/16 14:03:43.290 [D] [server.go:2774]  |            ::1|[97;42m 200 [0m|   4.814976ms|   match|[97;44m GET     [0m /cloudplatform/list   r:/cloudplatform/list/*
2020/08/16 14:03:44.094 [D] [server.go:2774]  |            ::1|[97;42m 200 [0m|   4.502202ms|   match|[97;44m GET     [0m /virtualmachine/list   r:/virtualmachine/list/*
2020/08/16 14:03:45.237 [D] [server.go:2774]  |            ::1|[97;42m 200 [0m|   4.494358ms|   match|[97;44m GET     [0m /cloudplatform/list   r:/cloudplatform/list/*
2020/08/16 14:03:46.238 [D] [server.go:2774]  |            ::1|[97;42m 200 [0m|  11.798349ms|   match|[97;44m GET     [0m /virtualmachine/list   r:/virtualmachine/list/*
2020/08/16 14:03:47.525 [D] [server.go:2774]  |            ::1|[97;42m 200 [0m|   3.180591ms|   match|[97;44m GET     [0m /cloudplatform/list   r:/cloudplatform/list/*
2020/08/16 14:03:48.347 [D] [server.go:2774]  |            ::1|[97;42m 200 [0m|   4.489619ms|   match|[97;44m GET     [0m /virtualmachine/list   r:/virtualmachine/list/*
2020/08/16 14:03:48.949 [D] [server.go:2774]  |            ::1|[97;42m 200 [0m|   4.589471ms|   match|[97;44m GET     [0m /cloudplatform/list   r:/cloudplatform/list/*
2020/08/16 14:03:49.749 [D] [server.go:2774]  |            ::1|[97;42m 200 [0m|   12.93547ms|   match|[97;44m GET     [0m /virtualmachine/list   r:/virtualmachine/list/*
2020/08/16 14:03:50.089 [D] [server.go:2774]  |            ::1|[97;42m 200 [0m|   8.672564ms|   match|[97;44m GET     [0m /virtualmachine/list   r:/virtualmachine/list/*
2020/08/16 14:03:53.267 [D] [server.go:2774]  |            ::1|[97;42m 200 [0m|  35.536104ms|   match|[97;44m GET     [0m /virtualmachinepage/index   r:/virtualmachinepage/index/*
2020/08/16 14:03:53.503 [D] [server.go:2774]  |            ::1|[97;42m 200 [0m|   8.197185ms|   match|[97;44m GET     [0m /virtualmachine/list   r:/virtualmachine/list/*
2020/08/16 14:03:54.135 [D] [server.go:2774]  |            ::1|[97;42m 200 [0m| 106.714533ms|   match|[97;44m GET     [0m /cloudplatformpage/index   r:/cloudplatformpage/index/*
2020/08/16 14:03:54.337 [D] [server.go:2774]  |            ::1|[97;42m 200 [0m|   4.749172ms|   match|[97;44m GET     [0m /cloudplatform/list   r:/cloudplatform/list/*
2020/08/16 14:03:56.475 [D] [server.go:2774]  |            ::1|[97;42m 200 [0m|  35.601104ms|   match|[97;44m GET     [0m /virtualmachinepage/index   r:/virtualmachinepage/index/*
2020/08/16 14:03:56.645 [D] [server.go:2774]  |            ::1|[97;42m 200 [0m|  11.640362ms|   match|[97;44m GET     [0m /virtualmachine/list   r:/virtualmachine/list/*
2020/08/16 14:03:59.331 [D] [server.go:2774]  |            ::1|[97;42m 200 [0m|  39.299928ms|   match|[97;44m GET     [0m /resourcepage/index   r:/resourcepage/index/*
2020/08/16 14:03:59.529 [D] [server.go:2774]  |            ::1|[97;42m 200 [0m|  10.390536ms|   match|[97;44m GET     [0m /resource/list   r:/resource/list/*
2020/08/16 14:04:03.742 [D] [server.go:2774]  |            ::1|[97;42m 200 [0m|  33.657109ms|   match|[97;44m GET     [0m /resourcepage/index   r:/resourcepage/index/*
2020/08/16 14:04:03.911 [D] [server.go:2774]  |            ::1|[97;42m 200 [0m|   5.434496ms|   match|[97;44m GET     [0m /resource/list   r:/resource/list/*
2020/08/16 14:04:05.595 [D] [server.go:2774]  |            ::1|[97;42m 200 [0m|  37.198137ms|   match|[97;44m GET     [0m /resourcepage/index   r:/resourcepage/index/*
2020/08/16 14:04:05.761 [D] [server.go:2774]  |            ::1|[97;42m 200 [0m|   5.498104ms|   match|[97;44m GET     [0m /resource/list   r:/resource/list/*
2020/08/16 17:50:39.135 [I] [asm_amd64.s:1337]  http server Running on http://:8889
2020/08/16 17:50:42.840 [D] [server.go:2774]  |            ::1|[97;42m 200 [0m|  91.403177ms|   match|[97;44m GET     [0m /virtualmachinepage/index   r:/virtualmachinepage/index/*
2020/08/16 17:50:43.175 [D] [server.go:2774]  |            ::1|[97;42m 200 [0m|    9.22658ms|   match|[97;44m GET     [0m /virtualmachine/list   r:/virtualmachine/list/*
2020/08/16 17:50:43.912 [D] [server.go:2774]  |            ::1|[97;42m 200 [0m|  53.860798ms|   match|[97;44m GET     [0m /virtualmachinepage/index   r:/virtualmachinepage/index/*
2020/08/16 17:50:44.140 [D] [server.go:2774]  |            ::1|[97;42m 200 [0m|  14.527056ms|   match|[97;44m GET     [0m /virtualmachine/list   r:/virtualmachine/list/*
2020/08/16 17:50:46.624 [D] [server.go:2774]  |            ::1|[97;42m 200 [0m|  39.542019ms|   match|[97;44m GET     [0m /agentpage/index   r:/agentpage/index/*
2020/08/16 17:50:46.871 [D] [server.go:2774]  |            ::1|[97;42m 200 [0m|   16.23294ms|   match|[97;44m GET     [0m /agent/list   r:/agent/list/*
2020/08/16 17:50:49.589 [D] [server.go:2774]  |            ::1|[97;42m 200 [0m|   65.49324ms|   match|[97;44m GET     [0m /agentpage/index   r:/agentpage/index/*
2020/08/16 17:50:49.795 [D] [server.go:2774]  |            ::1|[97;42m 200 [0m|   4.535925ms|   match|[97;44m GET     [0m /agent/list   r:/agent/list/*
2020/08/16 17:50:50.454 [D] [server.go:2774]  |            ::1|[97;42m 200 [0m|   40.92773ms|   match|[97;44m GET     [0m /agentpage/index   r:/agentpage/index/*
2020/08/16 17:50:50.666 [D] [server.go:2774]  |            ::1|[97;42m 200 [0m|   4.708881ms|   match|[97;44m GET     [0m /agent/list   r:/agent/list/*
2020/08/16 17:50:51.105 [D] [server.go:2774]  |            ::1|[97;42m 200 [0m|  43.600569ms|   match|[97;44m GET     [0m /agentpage/index   r:/agentpage/index/*
2020/08/16 17:50:51.314 [D] [server.go:2774]  |            ::1|[97;42m 200 [0m|   4.227992ms|   match|[97;44m GET     [0m /agent/list   r:/agent/list/*
2020/08/16 17:50:51.486 [D] [server.go:2774]  |            ::1|[97;42m 200 [0m|  48.185379ms|   match|[97;44m GET     [0m /agentpage/index   r:/agentpage/index/*
2020/08/16 17:50:51.700 [D] [server.go:2774]  |            ::1|[97;42m 200 [0m|  12.075902ms|   match|[97;44m GET     [0m /agent/list   r:/agent/list/*
2020/08/16 17:51:03.123 [D] [server.go:2774]  |            ::1|[97;42m 200 [0m|   2.612234ms|   match|[97;44m GET     [0m /agent/list   r:/agent/list/*
2020/08/16 17:51:12.724 [D] [server.go:2774]  |            ::1|[97;42m 200 [0m|   8.029923ms|   match|[97;44m GET     [0m /agent/list   r:/agent/list/*
2020/08/16 17:51:22.653 [D] [server.go:2774]  |            ::1|[97;42m 200 [0m|   5.779487ms|   match|[97;44m GET     [0m /agent/list   r:/agent/list/*
2020/08/16 17:51:32.655 [D] [server.go:2774]  |            ::1|[97;42m 200 [0m|    8.14562ms|   match|[97;44m GET     [0m /agent/list   r:/agent/list/*
2020/08/16 17:51:39.922 [D] [server.go:2774]  |            ::1|[97;42m 200 [0m|   3.703702ms|   match|[97;46m POST    [0m /v2/api/heartbeat/b64119c8a6194f32bd0e531a77409115/   r:v2api/heartbeat/:uuid/
2020/08/16 17:51:39.966 [D] [server.go:2774]  |            ::1|[97;42m 200 [0m|    5.20348ms|   match|[97;46m POST    [0m /v2/api/register/b64119c8a6194f32bd0e531a77409115/   r:v2api/register/:uuid/
2020/08/16 17:51:40.970 [D] [server.go:2774]  |            ::1|[97;42m 200 [0m|   5.521506ms|   match|[97;46m POST    [0m /v2/api/log/b64119c8a6194f32bd0e531a77409115/   r:v2api/log/:uuid/
2020/08/16 17:51:42.680 [D] [server.go:2774]  |            ::1|[97;42m 200 [0m|  16.184834ms|   match|[97;44m GET     [0m /agent/list   r:/agent/list/*
2020/08/16 17:51:44.196 [D] [server.go:2774]  |            ::1|[97;42m 200 [0m|  72.734423ms|   match|[97;44m GET     [0m /agentpage/index   r:/agentpage/index/*
2020/08/16 17:51:45.963 [D] [server.go:2774]  |            ::1|[97;42m 200 [0m|   3.919714ms|   match|[97;44m GET     [0m /agent/list   r:/agent/list/*
2020/08/16 17:51:48.912 [D] [server.go:2774]  |            ::1|[97;42m 200 [0m|   2.470486ms|   match|[97;46m POST    [0m /v2/api/heartbeat/b64119c8a6194f32bd0e531a77409115/   r:v2api/heartbeat/:uuid/
2020/08/16 17:51:55.892 [D] [server.go:2774]  |            ::1|[97;42m 200 [0m|   2.687685ms|   match|[97;44m GET     [0m /agent/list   r:/agent/list/*
2020/08/16 17:51:58.917 [D] [server.go:2774]  |            ::1|[97;42m 200 [0m|    2.31076ms|   match|[97;46m POST    [0m /v2/api/heartbeat/b64119c8a6194f32bd0e531a77409115/   r:v2api/heartbeat/:uuid/
2020/08/16 17:52:05.891 [D] [server.go:2774]  |            ::1|[97;42m 200 [0m|   2.848885ms|   match|[97;44m GET     [0m /agent/list   r:/agent/list/*
2020/08/16 17:52:08.912 [D] [server.go:2774]  |            ::1|[97;42m 200 [0m|   2.397297ms|   match|[97;46m POST    [0m /v2/api/heartbeat/b64119c8a6194f32bd0e531a77409115/   r:v2api/heartbeat/:uuid/
2020/08/16 17:52:15.889 [D] [server.go:2774]  |            ::1|[97;42m 200 [0m|   2.949592ms|   match|[97;44m GET     [0m /agent/list   r:/agent/list/*
2020/08/16 17:52:18.915 [D] [server.go:2774]  |            ::1|[97;42m 200 [0m|   2.584375ms|   match|[97;46m POST    [0m /v2/api/heartbeat/b64119c8a6194f32bd0e531a77409115/   r:v2api/heartbeat/:uuid/
2020/08/16 17:52:25.891 [D] [server.go:2774]  |            ::1|[97;42m 200 [0m|   2.944648ms|   match|[97;44m GET     [0m /agent/list   r:/agent/list/*
2020/08/16 17:52:28.916 [D] [server.go:2774]  |            ::1|[97;42m 200 [0m|   2.217968ms|   match|[97;46m POST    [0m /v2/api/heartbeat/b64119c8a6194f32bd0e531a77409115/   r:v2api/heartbeat/:uuid/
2020/08/16 17:52:35.891 [D] [server.go:2774]  |            ::1|[97;42m 200 [0m|   2.812604ms|   match|[97;44m GET     [0m /agent/list   r:/agent/list/*
2020/08/16 17:52:38.913 [D] [server.go:2774]  |            ::1|[97;42m 200 [0m|   2.277166ms|   match|[97;46m POST    [0m /v2/api/heartbeat/b64119c8a6194f32bd0e531a77409115/   r:v2api/heartbeat/:uuid/
2020/08/16 17:52:39.921 [D] [server.go:2774]  |            ::1|[97;42m 200 [0m|   3.541288ms|   match|[97;46m POST    [0m /v2/api/log/b64119c8a6194f32bd0e531a77409115/   r:v2api/log/:uuid/
2020/08/16 17:52:45.891 [D] [server.go:2774]  |            ::1|[97;42m 200 [0m|   2.735535ms|   match|[97;44m GET     [0m /agent/list   r:/agent/list/*
2020/08/16 17:52:48.916 [D] [server.go:2774]  |            ::1|[97;42m 200 [0m|   2.372973ms|   match|[97;46m POST    [0m /v2/api/heartbeat/b64119c8a6194f32bd0e531a77409115/   r:v2api/heartbeat/:uuid/
2020/08/16 17:52:55.891 [D] [server.go:2774]  |            ::1|[97;42m 200 [0m|   2.715593ms|   match|[97;44m GET     [0m /agent/list   r:/agent/list/*
2020/08/16 17:52:58.917 [D] [server.go:2774]  |            ::1|[97;42m 200 [0m|   2.391421ms|   match|[97;46m POST    [0m /v2/api/heartbeat/b64119c8a6194f32bd0e531a77409115/   r:v2api/heartbeat/:uuid/
2020/08/16 17:53:05.893 [D] [server.go:2774]  |            ::1|[97;42m 200 [0m|   2.945788ms|   match|[97;44m GET     [0m /agent/list   r:/agent/list/*
2020/08/16 17:53:08.914 [D] [server.go:2774]  |            ::1|[97;42m 200 [0m|   2.418229ms|   match|[97;46m POST    [0m /v2/api/heartbeat/b64119c8a6194f32bd0e531a77409115/   r:v2api/heartbeat/:uuid/
2020/08/16 17:53:15.891 [D] [server.go:2774]  |            ::1|[97;42m 200 [0m|   3.023863ms|   match|[97;44m GET     [0m /agent/list   r:/agent/list/*
2020/08/16 17:53:18.915 [D] [server.go:2774]  |            ::1|[97;42m 200 [0m|   2.033608ms|   match|[97;46m POST    [0m /v2/api/heartbeat/b64119c8a6194f32bd0e531a77409115/   r:v2api/heartbeat/:uuid/
2020/08/16 17:53:25.895 [D] [server.go:2774]  |            ::1|[97;42m 200 [0m|   4.969108ms|   match|[97;44m GET     [0m /agent/list   r:/agent/list/*
2020/08/16 17:53:28.917 [D] [server.go:2774]  |            ::1|[97;42m 200 [0m|   2.168642ms|   match|[97;46m POST    [0m /v2/api/heartbeat/b64119c8a6194f32bd0e531a77409115/   r:v2api/heartbeat/:uuid/
2020/08/16 17:53:35.893 [D] [server.go:2774]  |            ::1|[97;42m 200 [0m|   2.842928ms|   match|[97;44m GET     [0m /agent/list   r:/agent/list/*
2020/08/16 17:53:38.919 [D] [server.go:2774]  |            ::1|[97;42m 200 [0m|   2.542238ms|   match|[97;46m POST    [0m /v2/api/heartbeat/b64119c8a6194f32bd0e531a77409115/   r:v2api/heartbeat/:uuid/
2020/08/16 17:53:39.917 [D] [server.go:2774]  |            ::1|[97;42m 200 [0m|   2.065245ms|   match|[97;46m POST    [0m /v2/api/log/b64119c8a6194f32bd0e531a77409115/   r:v2api/log/:uuid/
2020/08/16 17:53:45.894 [D] [server.go:2774]  |            ::1|[97;42m 200 [0m|   6.701857ms|   match|[97;44m GET     [0m /agent/list   r:/agent/list/*
2020/08/16 17:53:48.918 [D] [server.go:2774]  |            ::1|[97;42m 200 [0m|   2.568775ms|   match|[97;46m POST    [0m /v2/api/heartbeat/b64119c8a6194f32bd0e531a77409115/   r:v2api/heartbeat/:uuid/
2020/08/16 17:53:55.892 [D] [server.go:2774]  |            ::1|[97;42m 200 [0m|   2.550482ms|   match|[97;44m GET     [0m /agent/list   r:/agent/list/*
2020/08/16 17:53:58.919 [D] [server.go:2774]  |            ::1|[97;42m 200 [0m|   2.744843ms|   match|[97;46m POST    [0m /v2/api/heartbeat/b64119c8a6194f32bd0e531a77409115/   r:v2api/heartbeat/:uuid/
2020/08/16 17:54:05.895 [D] [server.go:2774]  |            ::1|[97;42m 200 [0m|   2.719662ms|   match|[97;44m GET     [0m /agent/list   r:/agent/list/*
2020/08/16 17:54:08.915 [D] [server.go:2774]  |            ::1|[97;42m 200 [0m|   1.986001ms|   match|[97;46m POST    [0m /v2/api/heartbeat/b64119c8a6194f32bd0e531a77409115/   r:v2api/heartbeat/:uuid/
2020/08/16 17:54:15.896 [D] [server.go:2774]  |            ::1|[97;42m 200 [0m|   2.728923ms|   match|[97;44m GET     [0m /agent/list   r:/agent/list/*
2020/08/16 17:54:18.921 [D] [server.go:2774]  |            ::1|[97;42m 200 [0m|   2.547498ms|   match|[97;46m POST    [0m /v2/api/heartbeat/b64119c8a6194f32bd0e531a77409115/   r:v2api/heartbeat/:uuid/
2020/08/16 17:54:25.895 [D] [server.go:2774]  |            ::1|[97;42m 200 [0m|   2.931923ms|   match|[97;44m GET     [0m /agent/list   r:/agent/list/*
2020/08/16 17:54:28.920 [D] [server.go:2774]  |            ::1|[97;42m 200 [0m|    2.67326ms|   match|[97;46m POST    [0m /v2/api/heartbeat/b64119c8a6194f32bd0e531a77409115/   r:v2api/heartbeat/:uuid/
2020/08/16 17:54:35.893 [D] [server.go:2774]  |            ::1|[97;42m 200 [0m|   2.542147ms|   match|[97;44m GET     [0m /agent/list   r:/agent/list/*
2020/08/16 17:54:38.916 [D] [server.go:2774]  |            ::1|[97;42m 200 [0m|   1.081091ms|   match|[97;46m POST    [0m /v2/api/heartbeat/b64119c8a6194f32bd0e531a77409115/   r:v2api/heartbeat/:uuid/
2020/08/16 17:54:39.918 [D] [server.go:2774]  |            ::1|[97;42m 200 [0m|   2.038885ms|   match|[97;46m POST    [0m /v2/api/log/b64119c8a6194f32bd0e531a77409115/   r:v2api/log/:uuid/
2020/08/16 17:54:45.893 [D] [server.go:2774]  |            ::1|[97;42m 200 [0m|   2.788196ms|   match|[97;44m GET     [0m /agent/list   r:/agent/list/*
2020/08/16 17:54:48.924 [D] [server.go:2774]  |            ::1|[97;42m 200 [0m|   3.800475ms|   match|[97;46m POST    [0m /v2/api/heartbeat/b64119c8a6194f32bd0e531a77409115/   r:v2api/heartbeat/:uuid/
2020/08/16 17:54:55.897 [D] [server.go:2774]  |            ::1|[97;42m 200 [0m|   2.979898ms|   match|[97;44m GET     [0m /agent/list   r:/agent/list/*
2020/08/16 17:54:58.918 [D] [server.go:2774]  |            ::1|[97;42m 200 [0m|   2.340797ms|   match|[97;46m POST    [0m /v2/api/heartbeat/b64119c8a6194f32bd0e531a77409115/   r:v2api/heartbeat/:uuid/
2020/08/16 17:55:05.894 [D] [server.go:2774]  |            ::1|[97;42m 200 [0m|   2.443611ms|   match|[97;44m GET     [0m /agent/list   r:/agent/list/*
2020/08/16 17:55:08.918 [D] [server.go:2774]  |            ::1|[97;42m 200 [0m|   2.479236ms|   match|[97;46m POST    [0m /v2/api/heartbeat/b64119c8a6194f32bd0e531a77409115/   r:v2api/heartbeat/:uuid/
2020/08/16 17:55:17.030 [D] [server.go:2774]  |            ::1|[97;42m 200 [0m|   2.598449ms|   match|[97;44m GET     [0m /agent/list   r:/agent/list/*
2020/08/16 17:55:18.916 [D] [server.go:2774]  |            ::1|[97;42m 200 [0m|   1.512426ms|   match|[97;46m POST    [0m /v2/api/heartbeat/b64119c8a6194f32bd0e531a77409115/   r:v2api/heartbeat/:uuid/
2020/08/16 17:55:26.657 [D] [server.go:2774]  |            ::1|[97;42m 200 [0m|   2.884052ms|   match|[97;44m GET     [0m /agent/list   r:/agent/list/*
2020/08/16 17:55:28.917 [D] [server.go:2774]  |            ::1|[97;42m 200 [0m|   1.763752ms|   match|[97;46m POST    [0m /v2/api/heartbeat/b64119c8a6194f32bd0e531a77409115/   r:v2api/heartbeat/:uuid/
2020/08/16 17:55:39.920 [D] [server.go:2774]  |            ::1|[97;42m 200 [0m|   2.684853ms|   match|[97;46m POST    [0m /v2/api/log/b64119c8a6194f32bd0e531a77409115/   r:v2api/log/:uuid/
2020/08/16 17:55:39.924 [D] [server.go:2774]  |            ::1|[97;42m 200 [0m|   6.420312ms|   match|[97;46m POST    [0m /v2/api/heartbeat/b64119c8a6194f32bd0e531a77409115/   r:v2api/heartbeat/:uuid/
2020/08/16 17:55:40.176 [D] [server.go:2774]  |            ::1|[97;42m 200 [0m|   3.389303ms|   match|[97;44m GET     [0m /agent/list   r:/agent/list/*
2020/08/16 17:55:46.662 [D] [server.go:2774]  |            ::1|[97;42m 200 [0m|   7.775701ms|   match|[97;44m GET     [0m /agent/list   r:/agent/list/*
2020/08/16 17:55:48.926 [D] [server.go:2774]  |            ::1|[97;42m 200 [0m|   5.225654ms|   match|[97;46m POST    [0m /v2/api/heartbeat/b64119c8a6194f32bd0e531a77409115/   r:v2api/heartbeat/:uuid/
2020/08/16 17:55:56.911 [D] [server.go:2774]  |            ::1|[97;42m 200 [0m|   5.716595ms|   match|[97;44m GET     [0m /agent/list   r:/agent/list/*
2020/08/16 17:55:58.922 [D] [server.go:2774]  |            ::1|[97;42m 200 [0m|   4.049353ms|   match|[97;46m POST    [0m /v2/api/heartbeat/b64119c8a6194f32bd0e531a77409115/   r:v2api/heartbeat/:uuid/
2020/08/16 17:56:05.893 [D] [server.go:2774]  |            ::1|[97;42m 200 [0m|   2.627097ms|   match|[97;44m GET     [0m /agent/list   r:/agent/list/*
2020/08/16 17:56:08.923 [D] [server.go:2774]  |            ::1|[97;42m 200 [0m|   3.734567ms|   match|[97;46m POST    [0m /v2/api/heartbeat/b64119c8a6194f32bd0e531a77409115/   r:v2api/heartbeat/:uuid/
2020/08/16 17:56:15.899 [D] [server.go:2774]  |            ::1|[97;42m 200 [0m|   3.234491ms|   match|[97;44m GET     [0m /agent/list   r:/agent/list/*
2020/08/16 17:56:18.924 [D] [server.go:2774]  |            ::1|[97;42m 200 [0m|   3.668591ms|   match|[97;46m POST    [0m /v2/api/heartbeat/b64119c8a6194f32bd0e531a77409115/   r:v2api/heartbeat/:uuid/
2020/08/16 17:56:27.021 [D] [server.go:2774]  |            ::1|[97;42m 200 [0m|   2.667723ms|   match|[97;44m GET     [0m /agent/list   r:/agent/list/*
2020/08/16 17:56:28.954 [D] [server.go:2774]  |            ::1|[97;42m 200 [0m|  10.585903ms|   match|[97;46m POST    [0m /v2/api/heartbeat/b64119c8a6194f32bd0e531a77409115/   r:v2api/heartbeat/:uuid/
2020/08/16 17:56:36.793 [D] [server.go:2774]  |            ::1|[97;42m 200 [0m|   5.273164ms|   match|[97;44m GET     [0m /agent/list   r:/agent/list/*
2020/08/16 17:56:38.921 [D] [server.go:2774]  |            ::1|[97;42m 200 [0m|   1.976354ms|   match|[97;46m POST    [0m /v2/api/heartbeat/b64119c8a6194f32bd0e531a77409115/   r:v2api/heartbeat/:uuid/
2020/08/16 17:56:39.922 [D] [server.go:2774]  |            ::1|[97;42m 200 [0m|   1.306118ms|   match|[97;46m POST    [0m /v2/api/log/b64119c8a6194f32bd0e531a77409115/   r:v2api/log/:uuid/
2020/08/16 17:56:46.665 [D] [server.go:2774]  |            ::1|[97;42m 200 [0m|   6.491223ms|   match|[97;44m GET     [0m /agent/list   r:/agent/list/*
2020/08/16 17:56:48.929 [D] [server.go:2774]  |            ::1|[97;42m 200 [0m|   1.307461ms|   match|[97;46m POST    [0m /v2/api/heartbeat/b64119c8a6194f32bd0e531a77409115/   r:v2api/heartbeat/:uuid/
2020/08/16 17:56:56.664 [D] [server.go:2774]  |            ::1|[97;42m 200 [0m|    5.93264ms|   match|[97;44m GET     [0m /agent/list   r:/agent/list/*
2020/08/16 17:56:58.921 [D] [server.go:2774]  |            ::1|[97;42m 200 [0m|   2.870402ms|   match|[97;46m POST    [0m /v2/api/heartbeat/b64119c8a6194f32bd0e531a77409115/   r:v2api/heartbeat/:uuid/
2020/08/16 17:57:06.670 [D] [server.go:2774]  |            ::1|[97;42m 200 [0m|    9.52212ms|   match|[97;44m GET     [0m /agent/list   r:/agent/list/*
2020/08/16 17:57:08.923 [D] [server.go:2774]  |            ::1|[97;42m 200 [0m|   2.266508ms|   match|[97;46m POST    [0m /v2/api/heartbeat/b64119c8a6194f32bd0e531a77409115/   r:v2api/heartbeat/:uuid/
2020/08/16 17:57:16.659 [D] [server.go:2774]  |            ::1|[97;42m 200 [0m|   3.058181ms|   match|[97;44m GET     [0m /agent/list   r:/agent/list/*
2020/08/16 17:57:18.922 [D] [server.go:2774]  |            ::1|[97;42m 200 [0m|   2.465133ms|   match|[97;46m POST    [0m /v2/api/heartbeat/b64119c8a6194f32bd0e531a77409115/   r:v2api/heartbeat/:uuid/
2020/08/16 17:57:26.660 [D] [server.go:2774]  |            ::1|[97;42m 200 [0m|   2.820334ms|   match|[97;44m GET     [0m /agent/list   r:/agent/list/*
2020/08/16 17:57:28.924 [D] [server.go:2774]  |            ::1|[97;42m 200 [0m|   2.639338ms|   match|[97;46m POST    [0m /v2/api/heartbeat/b64119c8a6194f32bd0e531a77409115/   r:v2api/heartbeat/:uuid/
2020/08/16 17:57:36.664 [D] [server.go:2774]  |            ::1|[97;42m 200 [0m|   2.495774ms|   match|[97;44m GET     [0m /agent/list   r:/agent/list/*
2020/08/16 17:57:39.923 [D] [server.go:2774]  |            ::1|[97;42m 200 [0m|   1.588184ms|   match|[97;46m POST    [0m /v2/api/log/b64119c8a6194f32bd0e531a77409115/   r:v2api/log/:uuid/
2020/08/16 17:57:39.923 [D] [server.go:2774]  |            ::1|[97;42m 200 [0m|    2.13962ms|   match|[97;46m POST    [0m /v2/api/heartbeat/b64119c8a6194f32bd0e531a77409115/   r:v2api/heartbeat/:uuid/
2020/08/16 17:57:46.693 [D] [server.go:2774]  |            ::1|[97;42m 200 [0m|  32.569625ms|   match|[97;44m GET     [0m /agent/list   r:/agent/list/*
2020/08/16 17:57:48.923 [D] [server.go:2774]  |            ::1|[97;42m 200 [0m|   2.930314ms|   match|[97;46m POST    [0m /v2/api/heartbeat/b64119c8a6194f32bd0e531a77409115/   r:v2api/heartbeat/:uuid/
2020/08/16 17:57:56.670 [D] [server.go:2774]  |            ::1|[97;42m 200 [0m|   4.520414ms|   match|[97;44m GET     [0m /agent/list   r:/agent/list/*
2020/08/16 17:57:58.921 [D] [server.go:2774]  |            ::1|[97;42m 200 [0m|    1.56135ms|   match|[97;46m POST    [0m /v2/api/heartbeat/b64119c8a6194f32bd0e531a77409115/   r:v2api/heartbeat/:uuid/
2020/08/16 17:58:06.672 [D] [server.go:2774]  |            ::1|[97;42m 200 [0m|   6.912762ms|   match|[97;44m GET     [0m /agent/list   r:/agent/list/*
2020/08/16 17:58:08.925 [D] [server.go:2774]  |            ::1|[97;42m 200 [0m|   2.658182ms|   match|[97;46m POST    [0m /v2/api/heartbeat/b64119c8a6194f32bd0e531a77409115/   r:v2api/heartbeat/:uuid/
2020/08/16 17:58:16.662 [D] [server.go:2774]  |            ::1|[97;42m 200 [0m|   3.484706ms|   match|[97;44m GET     [0m /agent/list   r:/agent/list/*
2020/08/16 17:58:18.922 [D] [server.go:2774]  |            ::1|[97;42m 200 [0m|   2.160526ms|   match|[97;46m POST    [0m /v2/api/heartbeat/b64119c8a6194f32bd0e531a77409115/   r:v2api/heartbeat/:uuid/
2020/08/16 17:58:26.662 [D] [server.go:2774]  |            ::1|[97;42m 200 [0m|   2.496665ms|   match|[97;44m GET     [0m /agent/list   r:/agent/list/*
2020/08/16 17:58:28.925 [D] [server.go:2774]  |            ::1|[97;42m 200 [0m|   2.476487ms|   match|[97;46m POST    [0m /v2/api/heartbeat/b64119c8a6194f32bd0e531a77409115/   r:v2api/heartbeat/:uuid/
2020/08/16 17:58:36.667 [D] [server.go:2774]  |            ::1|[97;42m 200 [0m|   4.017489ms|   match|[97;44m GET     [0m /agent/list   r:/agent/list/*
2020/08/16 17:58:38.926 [D] [server.go:2774]  |            ::1|[97;42m 200 [0m|    2.31562ms|   match|[97;46m POST    [0m /v2/api/heartbeat/b64119c8a6194f32bd0e531a77409115/   r:v2api/heartbeat/:uuid/
2020/08/16 17:58:39.926 [D] [server.go:2774]  |            ::1|[97;42m 200 [0m|   1.207033ms|   match|[97;46m POST    [0m /v2/api/log/b64119c8a6194f32bd0e531a77409115/   r:v2api/log/:uuid/
2020/08/16 17:58:46.665 [D] [server.go:2774]  |            ::1|[97;42m 200 [0m|   2.674452ms|   match|[97;44m GET     [0m /agent/list   r:/agent/list/*
2020/08/16 17:58:48.924 [D] [server.go:2774]  |            ::1|[97;42m 200 [0m|   1.087238ms|   match|[97;46m POST    [0m /v2/api/heartbeat/b64119c8a6194f32bd0e531a77409115/   r:v2api/heartbeat/:uuid/
2020/08/16 17:58:58.926 [D] [server.go:2774]  |            ::1|[97;42m 200 [0m|   1.263701ms|   match|[97;46m POST    [0m /v2/api/heartbeat/b64119c8a6194f32bd0e531a77409115/   r:v2api/heartbeat/:uuid/
2020/08/16 17:59:00.487 [D] [server.go:2774]  |            ::1|[97;42m 200 [0m|   2.360247ms|   match|[97;44m GET     [0m /agent/list   r:/agent/list/*
2020/08/16 17:59:06.664 [D] [server.go:2774]  |            ::1|[97;42m 200 [0m|   3.150737ms|   match|[97;44m GET     [0m /agent/list   r:/agent/list/*
2020/08/16 17:59:08.927 [D] [server.go:2774]  |            ::1|[97;42m 200 [0m|   3.219248ms|   match|[97;46m POST    [0m /v2/api/heartbeat/b64119c8a6194f32bd0e531a77409115/   r:v2api/heartbeat/:uuid/
2020/08/16 17:59:16.663 [D] [server.go:2774]  |            ::1|[97;42m 200 [0m|   3.005403ms|   match|[97;44m GET     [0m /agent/list   r:/agent/list/*
2020/08/16 17:59:18.926 [D] [server.go:2774]  |            ::1|[97;42m 200 [0m|   1.803829ms|   match|[97;46m POST    [0m /v2/api/heartbeat/b64119c8a6194f32bd0e531a77409115/   r:v2api/heartbeat/:uuid/
2020/08/16 17:59:26.665 [D] [server.go:2774]  |            ::1|[97;42m 200 [0m|   4.899782ms|   match|[97;44m GET     [0m /agent/list   r:/agent/list/*
2020/08/16 17:59:28.926 [D] [server.go:2774]  |            ::1|[97;42m 200 [0m|    2.61332ms|   match|[97;46m POST    [0m /v2/api/heartbeat/b64119c8a6194f32bd0e531a77409115/   r:v2api/heartbeat/:uuid/
2020/08/16 17:59:36.666 [D] [server.go:2774]  |            ::1|[97;42m 200 [0m|    4.49144ms|   match|[97;44m GET     [0m /agent/list   r:/agent/list/*
2020/08/16 17:59:38.952 [D] [server.go:2774]  |            ::1|[97;42m 200 [0m|   13.27349ms|   match|[97;46m POST    [0m /v2/api/heartbeat/b64119c8a6194f32bd0e531a77409115/   r:v2api/heartbeat/:uuid/
2020/08/16 17:59:39.930 [D] [server.go:2774]  |            ::1|[97;42m 200 [0m|    2.92082ms|   match|[97;46m POST    [0m /v2/api/log/b64119c8a6194f32bd0e531a77409115/   r:v2api/log/:uuid/
2020/08/16 17:59:46.731 [D] [server.go:2774]  |            ::1|[97;42m 200 [0m|  45.027442ms|   match|[97;44m GET     [0m /agent/list   r:/agent/list/*
2020/08/16 17:59:48.957 [D] [server.go:2774]  |            ::1|[97;42m 200 [0m|    4.04631ms|   match|[97;46m POST    [0m /v2/api/heartbeat/b64119c8a6194f32bd0e531a77409115/   r:v2api/heartbeat/:uuid/
2020/08/16 17:59:56.722 [D] [server.go:2774]  |            ::1|[97;42m 200 [0m|   2.750814ms|   match|[97;44m GET     [0m /agent/list   r:/agent/list/*
2020/08/16 17:59:58.928 [D] [server.go:2774]  |            ::1|[97;42m 200 [0m|   2.138977ms|   match|[97;46m POST    [0m /v2/api/heartbeat/b64119c8a6194f32bd0e531a77409115/   r:v2api/heartbeat/:uuid/
2020/08/16 18:00:06.676 [D] [server.go:2774]  |            ::1|[97;42m 200 [0m|   6.670312ms|   match|[97;44m GET     [0m /agent/list   r:/agent/list/*
2020/08/16 18:00:08.929 [D] [server.go:2774]  |            ::1|[97;42m 200 [0m|   2.549891ms|   match|[97;46m POST    [0m /v2/api/heartbeat/b64119c8a6194f32bd0e531a77409115/   r:v2api/heartbeat/:uuid/
2020/08/16 18:00:16.670 [D] [server.go:2774]  |            ::1|[97;42m 200 [0m|   6.307262ms|   match|[97;44m GET     [0m /agent/list   r:/agent/list/*
2020/08/16 18:00:18.933 [D] [server.go:2774]  |            ::1|[97;42m 200 [0m|   2.162255ms|   match|[97;46m POST    [0m /v2/api/heartbeat/b64119c8a6194f32bd0e531a77409115/   r:v2api/heartbeat/:uuid/
2020/08/16 18:00:26.866 [D] [server.go:2774]  |            ::1|[97;42m 200 [0m|   8.562144ms|   match|[97;44m GET     [0m /agent/list   r:/agent/list/*
2020/08/16 18:00:28.928 [D] [server.go:2774]  |            ::1|[97;42m 200 [0m|    2.75014ms|   match|[97;46m POST    [0m /v2/api/heartbeat/b64119c8a6194f32bd0e531a77409115/   r:v2api/heartbeat/:uuid/
2020/08/16 18:00:37.328 [D] [server.go:2774]  |            ::1|[97;42m 200 [0m|   2.742122ms|   match|[97;44m GET     [0m /agent/list   r:/agent/list/*
2020/08/16 18:00:38.930 [D] [server.go:2774]  |            ::1|[97;42m 200 [0m|    1.99388ms|   match|[97;46m POST    [0m /v2/api/heartbeat/b64119c8a6194f32bd0e531a77409115/   r:v2api/heartbeat/:uuid/
2020/08/16 18:00:39.930 [D] [server.go:2774]  |            ::1|[97;42m 200 [0m|   2.125238ms|   match|[97;46m POST    [0m /v2/api/log/b64119c8a6194f32bd0e531a77409115/   r:v2api/log/:uuid/
2020/08/16 18:00:48.162 [D] [server.go:2774]  |            ::1|[97;42m 200 [0m|    4.25803ms|   match|[97;44m GET     [0m /agent/list   r:/agent/list/*
2020/08/16 18:00:48.929 [D] [server.go:2774]  |            ::1|[97;42m 200 [0m|   1.180694ms|   match|[97;46m POST    [0m /v2/api/heartbeat/b64119c8a6194f32bd0e531a77409115/   r:v2api/heartbeat/:uuid/
2020/08/16 18:00:58.192 [D] [server.go:2774]  |            ::1|[97;42m 200 [0m|   2.494923ms|   match|[97;44m GET     [0m /agent/list   r:/agent/list/*
2020/08/16 18:00:58.930 [D] [server.go:2774]  |            ::1|[97;42m 200 [0m|   3.686847ms|   match|[97;46m POST    [0m /v2/api/heartbeat/b64119c8a6194f32bd0e531a77409115/   r:v2api/heartbeat/:uuid/
2020/08/16 18:01:08.931 [D] [server.go:2774]  |            ::1|[97;42m 200 [0m|   2.561174ms|   match|[97;46m POST    [0m /v2/api/heartbeat/b64119c8a6194f32bd0e531a77409115/   r:v2api/heartbeat/:uuid/
2020/08/16 18:01:09.084 [D] [server.go:2774]  |            ::1|[97;42m 200 [0m|   3.395104ms|   match|[97;44m GET     [0m /agent/list   r:/agent/list/*
2020/08/16 18:01:18.931 [D] [server.go:2774]  |            ::1|[97;42m 200 [0m|   2.386746ms|   match|[97;46m POST    [0m /v2/api/heartbeat/b64119c8a6194f32bd0e531a77409115/   r:v2api/heartbeat/:uuid/
2020/08/16 18:01:19.244 [D] [server.go:2774]  |            ::1|[97;42m 200 [0m|   2.433869ms|   match|[97;44m GET     [0m /agent/list   r:/agent/list/*
2020/08/16 18:01:26.665 [D] [server.go:2774]  |            ::1|[97;42m 200 [0m|   2.753207ms|   match|[97;44m GET     [0m /agent/list   r:/agent/list/*
2020/08/16 18:01:28.930 [D] [server.go:2774]  |            ::1|[97;42m 200 [0m|    2.23251ms|   match|[97;46m POST    [0m /v2/api/heartbeat/b64119c8a6194f32bd0e531a77409115/   r:v2api/heartbeat/:uuid/
2020/08/16 18:01:37.254 [D] [server.go:2774]  |            ::1|[97;42m 200 [0m|   2.473218ms|   match|[97;44m GET     [0m /agent/list   r:/agent/list/*
2020/08/16 18:01:38.933 [D] [server.go:2774]  |            ::1|[97;42m 200 [0m|    2.75278ms|   match|[97;46m POST    [0m /v2/api/heartbeat/b64119c8a6194f32bd0e531a77409115/   r:v2api/heartbeat/:uuid/
2020/08/16 18:01:39.932 [D] [server.go:2774]  |            ::1|[97;42m 200 [0m|   2.494603ms|   match|[97;46m POST    [0m /v2/api/log/b64119c8a6194f32bd0e531a77409115/   r:v2api/log/:uuid/
2020/08/16 18:01:48.228 [D] [server.go:2774]  |            ::1|[97;42m 200 [0m|   3.158332ms|   match|[97;44m GET     [0m /agent/list   r:/agent/list/*
2020/08/16 18:01:48.931 [D] [server.go:2774]  |            ::1|[97;42m 200 [0m|   1.956752ms|   match|[97;46m POST    [0m /v2/api/heartbeat/b64119c8a6194f32bd0e531a77409115/   r:v2api/heartbeat/:uuid/
2020/08/16 18:01:58.936 [D] [server.go:2774]  |            ::1|[97;42m 200 [0m|   7.211829ms|   match|[97;46m POST    [0m /v2/api/heartbeat/b64119c8a6194f32bd0e531a77409115/   r:v2api/heartbeat/:uuid/
2020/08/16 18:01:59.738 [D] [server.go:2774]  |            ::1|[97;42m 200 [0m|   3.455012ms|   match|[97;44m GET     [0m /agent/list   r:/agent/list/*
2020/08/16 18:02:08.879 [D] [server.go:2774]  |            ::1|[97;42m 200 [0m|   2.450626ms|   match|[97;44m GET     [0m /agent/list   r:/agent/list/*
2020/08/16 18:02:08.932 [D] [server.go:2774]  |            ::1|[97;42m 200 [0m|   2.059028ms|   match|[97;46m POST    [0m /v2/api/heartbeat/b64119c8a6194f32bd0e531a77409115/   r:v2api/heartbeat/:uuid/
2020/08/16 18:02:18.933 [D] [server.go:2774]  |            ::1|[97;42m 200 [0m|   2.581423ms|   match|[97;46m POST    [0m /v2/api/heartbeat/b64119c8a6194f32bd0e531a77409115/   r:v2api/heartbeat/:uuid/
2020/08/16 18:02:19.544 [D] [server.go:2774]  |            ::1|[97;42m 200 [0m|   2.931223ms|   match|[97;44m GET     [0m /agent/list   r:/agent/list/*
2020/08/16 18:02:28.935 [D] [server.go:2774]  |            ::1|[97;42m 200 [0m|    2.13855ms|   match|[97;46m POST    [0m /v2/api/heartbeat/b64119c8a6194f32bd0e531a77409115/   r:v2api/heartbeat/:uuid/
2020/08/16 18:02:29.224 [D] [server.go:2774]  |            ::1|[97;42m 200 [0m|     2.7756ms|   match|[97;44m GET     [0m /agent/list   r:/agent/list/*
2020/08/16 18:02:39.267 [D] [server.go:2774]  |            ::1|[97;42m 200 [0m|   2.423258ms|   match|[97;44m GET     [0m /agent/list   r:/agent/list/*
2020/08/16 18:02:39.936 [D] [server.go:2774]  |            ::1|[97;42m 200 [0m|    2.53929ms|   match|[97;46m POST    [0m /v2/api/heartbeat/b64119c8a6194f32bd0e531a77409115/   r:v2api/heartbeat/:uuid/
2020/08/16 18:02:39.936 [D] [server.go:2774]  |            ::1|[97;42m 200 [0m|   2.576303ms|   match|[97;46m POST    [0m /v2/api/log/b64119c8a6194f32bd0e531a77409115/   r:v2api/log/:uuid/
2020/08/16 18:02:46.672 [D] [server.go:2774]  |            ::1|[97;42m 200 [0m|   2.902972ms|   match|[97;44m GET     [0m /agent/list   r:/agent/list/*
2020/08/16 18:02:48.938 [D] [server.go:2774]  |            ::1|[97;42m 200 [0m|    3.19191ms|   match|[97;46m POST    [0m /v2/api/heartbeat/b64119c8a6194f32bd0e531a77409115/   r:v2api/heartbeat/:uuid/
2020/08/16 18:02:56.672 [D] [server.go:2774]  |            ::1|[97;42m 200 [0m|   2.876388ms|   match|[97;44m GET     [0m /agent/list   r:/agent/list/*
2020/08/16 18:02:58.933 [D] [server.go:2774]  |            ::1|[97;42m 200 [0m|   1.959784ms|   match|[97;46m POST    [0m /v2/api/heartbeat/b64119c8a6194f32bd0e531a77409115/   r:v2api/heartbeat/:uuid/
2020/08/16 18:03:08.248 [D] [server.go:2774]  |            ::1|[97;42m 200 [0m|   3.757027ms|   match|[97;44m GET     [0m /agent/list   r:/agent/list/*
2020/08/16 18:03:08.939 [D] [server.go:2774]  |            ::1|[97;42m 200 [0m|   2.337873ms|   match|[97;46m POST    [0m /v2/api/heartbeat/b64119c8a6194f32bd0e531a77409115/   r:v2api/heartbeat/:uuid/
2020/08/16 18:03:18.891 [D] [server.go:2774]  |            ::1|[97;42m 200 [0m|   5.198806ms|   match|[97;44m GET     [0m /agent/list   r:/agent/list/*
2020/08/16 18:03:18.934 [D] [server.go:2774]  |            ::1|[97;42m 200 [0m|   1.005217ms|   match|[97;46m POST    [0m /v2/api/heartbeat/b64119c8a6194f32bd0e531a77409115/   r:v2api/heartbeat/:uuid/
2020/08/16 18:03:28.939 [D] [server.go:2774]  |            ::1|[97;42m 200 [0m|   2.705536ms|   match|[97;46m POST    [0m /v2/api/heartbeat/b64119c8a6194f32bd0e531a77409115/   r:v2api/heartbeat/:uuid/
2020/08/16 18:03:29.305 [D] [server.go:2774]  |            ::1|[97;42m 200 [0m|   2.721649ms|   match|[97;44m GET     [0m /agent/list   r:/agent/list/*
2020/08/16 18:03:38.940 [D] [server.go:2774]  |            ::1|[97;42m 200 [0m|   2.668828ms|   match|[97;46m POST    [0m /v2/api/heartbeat/b64119c8a6194f32bd0e531a77409115/   r:v2api/heartbeat/:uuid/
2020/08/16 18:03:39.203 [D] [server.go:2774]  |            ::1|[97;42m 200 [0m|   6.461045ms|   match|[97;44m GET     [0m /agent/list   r:/agent/list/*
2020/08/16 18:03:39.940 [D] [server.go:2774]  |            ::1|[97;42m 200 [0m|   1.937318ms|   match|[97;46m POST    [0m /v2/api/log/b64119c8a6194f32bd0e531a77409115/   r:v2api/log/:uuid/
2020/08/16 18:03:46.675 [D] [server.go:2774]  |            ::1|[97;42m 200 [0m|   2.584442ms|   match|[97;44m GET     [0m /agent/list   r:/agent/list/*
2020/08/16 18:03:48.936 [D] [server.go:2774]  |            ::1|[97;42m 200 [0m|   2.137903ms|   match|[97;46m POST    [0m /v2/api/heartbeat/b64119c8a6194f32bd0e531a77409115/   r:v2api/heartbeat/:uuid/
2020/08/16 18:03:56.674 [D] [server.go:2774]  |            ::1|[97;42m 200 [0m|   2.505882ms|   match|[97;44m GET     [0m /agent/list   r:/agent/list/*
2020/08/16 18:03:58.937 [D] [server.go:2774]  |            ::1|[97;42m 200 [0m|   1.822574ms|   match|[97;46m POST    [0m /v2/api/heartbeat/b64119c8a6194f32bd0e531a77409115/   r:v2api/heartbeat/:uuid/
2020/08/16 18:04:06.688 [D] [server.go:2774]  |            ::1|[97;42m 200 [0m|   8.621797ms|   match|[97;44m GET     [0m /agent/list   r:/agent/list/*
2020/08/16 18:04:08.944 [D] [server.go:2774]  |            ::1|[97;42m 200 [0m|   5.327774ms|   match|[97;46m POST    [0m /v2/api/heartbeat/b64119c8a6194f32bd0e531a77409115/   r:v2api/heartbeat/:uuid/
2020/08/16 18:04:16.676 [D] [server.go:2774]  |            ::1|[97;42m 200 [0m|   3.031252ms|   match|[97;44m GET     [0m /agent/list   r:/agent/list/*
2020/08/16 18:04:18.943 [D] [server.go:2774]  |            ::1|[97;42m 200 [0m|    3.70994ms|   match|[97;46m POST    [0m /v2/api/heartbeat/b64119c8a6194f32bd0e531a77409115/   r:v2api/heartbeat/:uuid/
2020/08/16 18:04:26.687 [D] [server.go:2774]  |            ::1|[97;42m 200 [0m|    3.98509ms|   match|[97;44m GET     [0m /agent/list   r:/agent/list/*
2020/08/16 18:04:28.936 [D] [server.go:2774]  |            ::1|[97;42m 200 [0m|   2.068065ms|   match|[97;46m POST    [0m /v2/api/heartbeat/b64119c8a6194f32bd0e531a77409115/   r:v2api/heartbeat/:uuid/
2020/08/16 18:04:36.678 [D] [server.go:2774]  |            ::1|[97;42m 200 [0m|    3.96865ms|   match|[97;44m GET     [0m /agent/list   r:/agent/list/*
2020/08/16 18:04:38.941 [D] [server.go:2774]  |            ::1|[97;42m 200 [0m|   2.491005ms|   match|[97;46m POST    [0m /v2/api/heartbeat/b64119c8a6194f32bd0e531a77409115/   r:v2api/heartbeat/:uuid/
2020/08/16 18:04:39.940 [D] [server.go:2774]  |            ::1|[97;42m 200 [0m|   2.052936ms|   match|[97;46m POST    [0m /v2/api/log/b64119c8a6194f32bd0e531a77409115/   r:v2api/log/:uuid/
2020/08/16 18:04:46.695 [D] [server.go:2774]  |            ::1|[97;42m 200 [0m|   14.56584ms|   match|[97;44m GET     [0m /agent/list   r:/agent/list/*
2020/08/16 18:04:48.940 [D] [server.go:2774]  |            ::1|[97;42m 200 [0m|    2.17399ms|   match|[97;46m POST    [0m /v2/api/heartbeat/b64119c8a6194f32bd0e531a77409115/   r:v2api/heartbeat/:uuid/
2020/08/16 18:04:58.941 [D] [server.go:2774]  |            ::1|[97;42m 200 [0m|   2.264372ms|   match|[97;46m POST    [0m /v2/api/heartbeat/b64119c8a6194f32bd0e531a77409115/   r:v2api/heartbeat/:uuid/
2020/08/16 18:05:00.458 [D] [server.go:2774]  |            ::1|[97;42m 200 [0m|   2.375695ms|   match|[97;44m GET     [0m /agent/list   r:/agent/list/*
2020/08/16 18:05:08.772 [D] [server.go:2774]  |            ::1|[97;42m 200 [0m|   2.856504ms|   match|[97;44m GET     [0m /agent/list   r:/agent/list/*
2020/08/16 18:05:08.936 [D] [server.go:2774]  |            ::1|[97;42m 200 [0m|   1.131161ms|   match|[97;46m POST    [0m /v2/api/heartbeat/b64119c8a6194f32bd0e531a77409115/   r:v2api/heartbeat/:uuid/
2020/08/16 18:05:18.713 [D] [server.go:2774]  |            ::1|[97;42m 200 [0m|   2.579766ms|   match|[97;44m GET     [0m /agent/list   r:/agent/list/*
2020/08/16 18:05:18.940 [D] [server.go:2774]  |            ::1|[97;42m 200 [0m|   2.727312ms|   match|[97;46m POST    [0m /v2/api/heartbeat/b64119c8a6194f32bd0e531a77409115/   r:v2api/heartbeat/:uuid/
2020/08/16 18:05:26.679 [D] [server.go:2774]  |            ::1|[97;42m 200 [0m|   3.003253ms|   match|[97;44m GET     [0m /agent/list   r:/agent/list/*
2020/08/16 18:05:28.938 [D] [server.go:2774]  |            ::1|[97;42m 200 [0m|   1.134333ms|   match|[97;46m POST    [0m /v2/api/heartbeat/b64119c8a6194f32bd0e531a77409115/   r:v2api/heartbeat/:uuid/
2020/08/16 18:05:36.703 [D] [server.go:2774]  |            ::1|[97;42m 200 [0m|  11.008466ms|   match|[97;44m GET     [0m /agent/list   r:/agent/list/*
2020/08/16 18:05:38.940 [D] [server.go:2774]  |            ::1|[97;42m 200 [0m|   2.167422ms|   match|[97;46m POST    [0m /v2/api/heartbeat/b64119c8a6194f32bd0e531a77409115/   r:v2api/heartbeat/:uuid/
2020/08/16 18:05:39.941 [D] [server.go:2774]  |            ::1|[97;42m 200 [0m|   1.153237ms|   match|[97;46m POST    [0m /v2/api/log/b64119c8a6194f32bd0e531a77409115/   r:v2api/log/:uuid/
2020/08/16 18:05:46.678 [D] [server.go:2774]  |            ::1|[97;42m 200 [0m|    2.53417ms|   match|[97;44m GET     [0m /agent/list   r:/agent/list/*
2020/08/16 18:05:48.940 [D] [server.go:2774]  |            ::1|[97;42m 200 [0m|   1.699414ms|   match|[97;46m POST    [0m /v2/api/heartbeat/b64119c8a6194f32bd0e531a77409115/   r:v2api/heartbeat/:uuid/
2020/08/16 18:05:56.684 [D] [server.go:2774]  |            ::1|[97;42m 200 [0m|    5.98218ms|   match|[97;44m GET     [0m /agent/list   r:/agent/list/*
2020/08/16 18:05:58.954 [D] [server.go:2774]  |            ::1|[97;42m 200 [0m|   2.543519ms|   match|[97;46m POST    [0m /v2/api/heartbeat/b64119c8a6194f32bd0e531a77409115/   r:v2api/heartbeat/:uuid/
2020/08/16 18:06:06.690 [D] [server.go:2774]  |            ::1|[97;42m 200 [0m|   9.175447ms|   match|[97;44m GET     [0m /agent/list   r:/agent/list/*
2020/08/16 18:06:08.949 [D] [server.go:2774]  |            ::1|[97;42m 200 [0m|   4.599879ms|   match|[97;46m POST    [0m /v2/api/heartbeat/b64119c8a6194f32bd0e531a77409115/   r:v2api/heartbeat/:uuid/
2020/08/16 18:06:16.709 [D] [server.go:2774]  |            ::1|[97;42m 200 [0m|  17.877336ms|   match|[97;44m GET     [0m /agent/list   r:/agent/list/*
2020/08/16 18:06:18.947 [D] [server.go:2774]  |            ::1|[97;42m 200 [0m|   6.490921ms|   match|[97;46m POST    [0m /v2/api/heartbeat/b64119c8a6194f32bd0e531a77409115/   r:v2api/heartbeat/:uuid/
2020/08/16 18:06:26.680 [D] [server.go:2774]  |            ::1|[97;42m 200 [0m|   2.564678ms|   match|[97;44m GET     [0m /agent/list   r:/agent/list/*
2020/08/16 18:06:28.939 [D] [server.go:2774]  |            ::1|[97;42m 200 [0m|   1.393022ms|   match|[97;46m POST    [0m /v2/api/heartbeat/b64119c8a6194f32bd0e531a77409115/   r:v2api/heartbeat/:uuid/
2020/08/16 18:06:36.713 [D] [server.go:2774]  |            ::1|[97;42m 200 [0m|   8.724514ms|   match|[97;44m GET     [0m /agent/list   r:/agent/list/*
2020/08/16 18:06:38.939 [D] [server.go:2774]  |            ::1|[97;42m 200 [0m|   1.298908ms|   match|[97;46m POST    [0m /v2/api/heartbeat/b64119c8a6194f32bd0e531a77409115/   r:v2api/heartbeat/:uuid/
2020/08/16 18:06:39.944 [D] [server.go:2774]  |            ::1|[97;42m 200 [0m|   1.556316ms|   match|[97;46m POST    [0m /v2/api/log/b64119c8a6194f32bd0e531a77409115/   r:v2api/log/:uuid/
2020/08/16 18:06:46.681 [D] [server.go:2774]  |            ::1|[97;42m 200 [0m|   3.746885ms|   match|[97;44m GET     [0m /agent/list   r:/agent/list/*
2020/08/16 18:06:48.943 [D] [server.go:2774]  |            ::1|[97;42m 200 [0m|   2.528215ms|   match|[97;46m POST    [0m /v2/api/heartbeat/b64119c8a6194f32bd0e531a77409115/   r:v2api/heartbeat/:uuid/
2020/08/16 18:06:56.680 [D] [server.go:2774]  |            ::1|[97;42m 200 [0m|   2.374365ms|   match|[97;44m GET     [0m /agent/list   r:/agent/list/*
2020/08/16 18:06:58.968 [D] [server.go:2774]  |            ::1|[97;42m 200 [0m|    4.36958ms|   match|[97;46m POST    [0m /v2/api/heartbeat/b64119c8a6194f32bd0e531a77409115/   r:v2api/heartbeat/:uuid/
2020/08/16 18:07:06.684 [D] [server.go:2774]  |            ::1|[97;42m 200 [0m|   7.309519ms|   match|[97;44m GET     [0m /agent/list   r:/agent/list/*
2020/08/16 18:07:08.945 [D] [server.go:2774]  |            ::1|[97;42m 200 [0m|   2.184471ms|   match|[97;46m POST    [0m /v2/api/heartbeat/b64119c8a6194f32bd0e531a77409115/   r:v2api/heartbeat/:uuid/
2020/08/16 18:07:16.683 [D] [server.go:2774]  |            ::1|[97;42m 200 [0m|   2.631312ms|   match|[97;44m GET     [0m /agent/list   r:/agent/list/*
2020/08/16 18:07:18.953 [D] [server.go:2774]  |            ::1|[97;42m 200 [0m|   2.083472ms|   match|[97;46m POST    [0m /v2/api/heartbeat/b64119c8a6194f32bd0e531a77409115/   r:v2api/heartbeat/:uuid/
2020/08/16 18:07:26.694 [D] [server.go:2774]  |            ::1|[97;42m 200 [0m|   5.755214ms|   match|[97;44m GET     [0m /agent/list   r:/agent/list/*
2020/08/16 18:07:28.945 [D] [server.go:2774]  |            ::1|[97;42m 200 [0m|   2.257938ms|   match|[97;46m POST    [0m /v2/api/heartbeat/b64119c8a6194f32bd0e531a77409115/   r:v2api/heartbeat/:uuid/
2020/08/16 18:07:36.685 [D] [server.go:2774]  |            ::1|[97;42m 200 [0m|   5.235858ms|   match|[97;44m GET     [0m /agent/list   r:/agent/list/*
2020/08/16 18:07:38.946 [D] [server.go:2774]  |            ::1|[97;42m 200 [0m|    2.56598ms|   match|[97;46m POST    [0m /v2/api/heartbeat/b64119c8a6194f32bd0e531a77409115/   r:v2api/heartbeat/:uuid/
2020/08/16 18:07:39.947 [D] [server.go:2774]  |            ::1|[97;42m 200 [0m|   2.063582ms|   match|[97;46m POST    [0m /v2/api/log/b64119c8a6194f32bd0e531a77409115/   r:v2api/log/:uuid/
2020/08/16 18:07:46.685 [D] [server.go:2774]  |            ::1|[97;42m 200 [0m|   4.272613ms|   match|[97;44m GET     [0m /agent/list   r:/agent/list/*
2020/08/16 18:07:48.946 [D] [server.go:2774]  |            ::1|[97;42m 200 [0m|   2.512111ms|   match|[97;46m POST    [0m /v2/api/heartbeat/b64119c8a6194f32bd0e531a77409115/   r:v2api/heartbeat/:uuid/
2020/08/16 18:07:56.680 [D] [server.go:2774]  |            ::1|[97;42m 200 [0m|   2.482496ms|   match|[97;44m GET     [0m /agent/list   r:/agent/list/*
2020/08/16 18:07:58.943 [D] [server.go:2774]  |            ::1|[97;42m 200 [0m|    1.90365ms|   match|[97;46m POST    [0m /v2/api/heartbeat/b64119c8a6194f32bd0e531a77409115/   r:v2api/heartbeat/:uuid/
2020/08/16 18:08:08.954 [D] [server.go:2774]  |            ::1|[97;42m 200 [0m|   1.925509ms|   match|[97;46m POST    [0m /v2/api/heartbeat/b64119c8a6194f32bd0e531a77409115/   r:v2api/heartbeat/:uuid/
2020/08/16 18:08:10.476 [D] [server.go:2774]  |            ::1|[97;42m 200 [0m|    2.51761ms|   match|[97;44m GET     [0m /agent/list   r:/agent/list/*
2020/08/16 18:08:16.682 [D] [server.go:2774]  |            ::1|[97;42m 200 [0m|   2.400821ms|   match|[97;44m GET     [0m /agent/list   r:/agent/list/*
2020/08/16 18:08:18.950 [D] [server.go:2774]  |            ::1|[97;42m 200 [0m|    3.84594ms|   match|[97;46m POST    [0m /v2/api/heartbeat/b64119c8a6194f32bd0e531a77409115/   r:v2api/heartbeat/:uuid/
2020/08/16 18:08:26.684 [D] [server.go:2774]  |            ::1|[97;42m 200 [0m|   3.025525ms|   match|[97;44m GET     [0m /agent/list   r:/agent/list/*
2020/08/16 18:08:28.944 [D] [server.go:2774]  |            ::1|[97;42m 200 [0m|   1.890199ms|   match|[97;46m POST    [0m /v2/api/heartbeat/b64119c8a6194f32bd0e531a77409115/   r:v2api/heartbeat/:uuid/
2020/08/16 18:08:36.686 [D] [server.go:2774]  |            ::1|[97;42m 200 [0m|   3.295009ms|   match|[97;44m GET     [0m /agent/list   r:/agent/list/*
2020/08/16 18:08:38.951 [D] [server.go:2774]  |            ::1|[97;42m 200 [0m|  10.553069ms|   match|[97;46m POST    [0m /v2/api/heartbeat/b64119c8a6194f32bd0e531a77409115/   r:v2api/heartbeat/:uuid/
2020/08/16 18:08:39.948 [D] [server.go:2774]  |            ::1|[97;42m 200 [0m|   1.872845ms|   match|[97;46m POST    [0m /v2/api/log/b64119c8a6194f32bd0e531a77409115/   r:v2api/log/:uuid/
2020/08/16 18:08:46.686 [D] [server.go:2774]  |            ::1|[97;42m 200 [0m|   3.497902ms|   match|[97;44m GET     [0m /agent/list   r:/agent/list/*
2020/08/16 18:08:48.948 [D] [server.go:2774]  |            ::1|[97;42m 200 [0m|   2.716787ms|   match|[97;46m POST    [0m /v2/api/heartbeat/b64119c8a6194f32bd0e531a77409115/   r:v2api/heartbeat/:uuid/
2020/08/16 18:08:56.685 [D] [server.go:2774]  |            ::1|[97;42m 200 [0m|   3.969029ms|   match|[97;44m GET     [0m /agent/list   r:/agent/list/*
2020/08/16 18:08:58.946 [D] [server.go:2774]  |            ::1|[97;42m 200 [0m|   2.005488ms|   match|[97;46m POST    [0m /v2/api/heartbeat/b64119c8a6194f32bd0e531a77409115/   r:v2api/heartbeat/:uuid/
2020/08/16 18:09:06.710 [D] [server.go:2774]  |            ::1|[97;42m 200 [0m|  14.041959ms|   match|[97;44m GET     [0m /agent/list   r:/agent/list/*
2020/08/16 18:09:08.946 [D] [server.go:2774]  |            ::1|[97;42m 200 [0m|   1.280088ms|   match|[97;46m POST    [0m /v2/api/heartbeat/b64119c8a6194f32bd0e531a77409115/   r:v2api/heartbeat/:uuid/
2020/08/16 18:09:16.685 [D] [server.go:2774]  |            ::1|[97;42m 200 [0m|   3.180317ms|   match|[97;44m GET     [0m /agent/list   r:/agent/list/*
2020/08/16 18:09:18.954 [D] [server.go:2774]  |            ::1|[97;42m 200 [0m|    3.60873ms|   match|[97;46m POST    [0m /v2/api/heartbeat/b64119c8a6194f32bd0e531a77409115/   r:v2api/heartbeat/:uuid/
2020/08/16 18:09:26.731 [D] [server.go:2774]  |            ::1|[97;42m 200 [0m|  22.482753ms|   match|[97;44m GET     [0m /agent/list   r:/agent/list/*
2020/08/16 18:09:28.954 [D] [server.go:2774]  |            ::1|[97;42m 200 [0m|   3.279976ms|   match|[97;46m POST    [0m /v2/api/heartbeat/b64119c8a6194f32bd0e531a77409115/   r:v2api/heartbeat/:uuid/
2020/08/16 18:09:36.687 [D] [server.go:2774]  |            ::1|[97;42m 200 [0m|   3.632924ms|   match|[97;44m GET     [0m /agent/list   r:/agent/list/*
2020/08/16 18:09:38.944 [D] [server.go:2774]  |            ::1|[97;42m 200 [0m|   1.142506ms|   match|[97;46m POST    [0m /v2/api/heartbeat/b64119c8a6194f32bd0e531a77409115/   r:v2api/heartbeat/:uuid/
2020/08/16 18:09:39.953 [D] [server.go:2774]  |            ::1|[97;42m 200 [0m|   3.162879ms|   match|[97;46m POST    [0m /v2/api/log/b64119c8a6194f32bd0e531a77409115/   r:v2api/log/:uuid/
2020/08/16 18:09:46.686 [D] [server.go:2774]  |            ::1|[97;42m 200 [0m|   4.248212ms|   match|[97;44m GET     [0m /agent/list   r:/agent/list/*
2020/08/16 18:09:48.955 [D] [server.go:2774]  |            ::1|[97;42m 200 [0m|   4.215169ms|   match|[97;46m POST    [0m /v2/api/heartbeat/b64119c8a6194f32bd0e531a77409115/   r:v2api/heartbeat/:uuid/
2020/08/16 18:09:56.686 [D] [server.go:2774]  |            ::1|[97;42m 200 [0m|   3.031412ms|   match|[97;44m GET     [0m /agent/list   r:/agent/list/*
2020/08/16 18:09:58.946 [D] [server.go:2774]  |            ::1|[97;42m 200 [0m|   2.309397ms|   match|[97;46m POST    [0m /v2/api/heartbeat/b64119c8a6194f32bd0e531a77409115/   r:v2api/heartbeat/:uuid/
2020/08/16 18:10:06.697 [D] [server.go:2774]  |            ::1|[97;42m 200 [0m|   3.552886ms|   match|[97;44m GET     [0m /agent/list   r:/agent/list/*
2020/08/16 18:10:08.946 [D] [server.go:2774]  |            ::1|[97;42m 200 [0m|   2.072995ms|   match|[97;46m POST    [0m /v2/api/heartbeat/b64119c8a6194f32bd0e531a77409115/   r:v2api/heartbeat/:uuid/
2020/08/16 18:10:17.595 [D] [server.go:2774]  |            ::1|[97;42m 200 [0m|   2.946166ms|   match|[97;44m GET     [0m /agent/list   r:/agent/list/*
2020/08/16 18:10:18.950 [D] [server.go:2774]  |            ::1|[97;42m 200 [0m|   1.897808ms|   match|[97;46m POST    [0m /v2/api/heartbeat/b64119c8a6194f32bd0e531a77409115/   r:v2api/heartbeat/:uuid/
2020/08/16 18:10:27.864 [D] [server.go:2774]  |            ::1|[97;42m 200 [0m|   3.251317ms|   match|[97;44m GET     [0m /agent/list   r:/agent/list/*
2020/08/16 18:10:28.950 [D] [server.go:2774]  |            ::1|[97;42m 200 [0m|    2.14102ms|   match|[97;46m POST    [0m /v2/api/heartbeat/b64119c8a6194f32bd0e531a77409115/   r:v2api/heartbeat/:uuid/
2020/08/16 18:10:36.687 [D] [server.go:2774]  |            ::1|[97;42m 200 [0m|   2.750846ms|   match|[97;44m GET     [0m /agent/list   r:/agent/list/*
2020/08/16 18:10:38.948 [D] [server.go:2774]  |            ::1|[97;42m 200 [0m|   1.372911ms|   match|[97;46m POST    [0m /v2/api/heartbeat/b64119c8a6194f32bd0e531a77409115/   r:v2api/heartbeat/:uuid/
2020/08/16 18:10:39.963 [D] [server.go:2774]  |            ::1|[97;42m 200 [0m|   7.047348ms|   match|[97;46m POST    [0m /v2/api/log/b64119c8a6194f32bd0e531a77409115/   r:v2api/log/:uuid/
2020/08/16 18:10:46.701 [D] [server.go:2774]  |            ::1|[97;42m 200 [0m|    7.56971ms|   match|[97;44m GET     [0m /agent/list   r:/agent/list/*
2020/08/16 18:10:48.953 [D] [server.go:2774]  |            ::1|[97;42m 200 [0m|   2.229612ms|   match|[97;46m POST    [0m /v2/api/heartbeat/b64119c8a6194f32bd0e531a77409115/   r:v2api/heartbeat/:uuid/
2020/08/16 18:10:56.689 [D] [server.go:2774]  |            ::1|[97;42m 200 [0m|   4.670395ms|   match|[97;44m GET     [0m /agent/list   r:/agent/list/*
2020/08/16 18:10:58.953 [D] [server.go:2774]  |            ::1|[97;42m 200 [0m|   2.342604ms|   match|[97;46m POST    [0m /v2/api/heartbeat/b64119c8a6194f32bd0e531a77409115/   r:v2api/heartbeat/:uuid/
2020/08/16 18:11:06.687 [D] [server.go:2774]  |            ::1|[97;42m 200 [0m|   2.904211ms|   match|[97;44m GET     [0m /agent/list   r:/agent/list/*
2020/08/16 18:11:08.949 [D] [server.go:2774]  |            ::1|[97;42m 200 [0m|   2.095665ms|   match|[97;46m POST    [0m /v2/api/heartbeat/b64119c8a6194f32bd0e531a77409115/   r:v2api/heartbeat/:uuid/
2020/08/16 18:11:16.690 [D] [server.go:2774]  |            ::1|[97;42m 200 [0m|   4.023603ms|   match|[97;44m GET     [0m /agent/list   r:/agent/list/*
2020/08/16 18:11:18.953 [D] [server.go:2774]  |            ::1|[97;42m 200 [0m|   2.609838ms|   match|[97;46m POST    [0m /v2/api/heartbeat/b64119c8a6194f32bd0e531a77409115/   r:v2api/heartbeat/:uuid/
2020/08/16 18:11:26.692 [D] [server.go:2774]  |            ::1|[97;42m 200 [0m|   4.173019ms|   match|[97;44m GET     [0m /agent/list   r:/agent/list/*
2020/08/16 18:11:28.961 [D] [server.go:2774]  |            ::1|[97;42m 200 [0m|    11.9677ms|   match|[97;46m POST    [0m /v2/api/heartbeat/b64119c8a6194f32bd0e531a77409115/   r:v2api/heartbeat/:uuid/
2020/08/16 18:11:36.688 [D] [server.go:2774]  |            ::1|[97;42m 200 [0m|   2.482995ms|   match|[97;44m GET     [0m /agent/list   r:/agent/list/*
2020/08/16 18:11:38.951 [D] [server.go:2774]  |            ::1|[97;42m 200 [0m|   2.429495ms|   match|[97;46m POST    [0m /v2/api/heartbeat/b64119c8a6194f32bd0e531a77409115/   r:v2api/heartbeat/:uuid/
2020/08/16 18:11:39.952 [D] [server.go:2774]  |            ::1|[97;42m 200 [0m|    2.45178ms|   match|[97;46m POST    [0m /v2/api/log/b64119c8a6194f32bd0e531a77409115/   r:v2api/log/:uuid/
2020/08/16 18:11:48.954 [D] [server.go:2774]  |            ::1|[97;42m 200 [0m|    2.44635ms|   match|[97;46m POST    [0m /v2/api/heartbeat/b64119c8a6194f32bd0e531a77409115/   r:v2api/heartbeat/:uuid/
2020/08/16 18:11:50.501 [D] [server.go:2774]  |            ::1|[97;42m 200 [0m|   2.493872ms|   match|[97;44m GET     [0m /agent/list   r:/agent/list/*
2020/08/16 18:11:58.605 [D] [server.go:2774]  |            ::1|[97;42m 200 [0m|   2.514447ms|   match|[97;44m GET     [0m /agent/list   r:/agent/list/*
2020/08/16 18:11:58.951 [D] [server.go:2774]  |            ::1|[97;42m 200 [0m|   2.432152ms|   match|[97;46m POST    [0m /v2/api/heartbeat/b64119c8a6194f32bd0e531a77409115/   r:v2api/heartbeat/:uuid/
2020/08/16 18:12:08.955 [D] [server.go:2774]  |            ::1|[97;42m 200 [0m|   3.794879ms|   match|[97;46m POST    [0m /v2/api/heartbeat/b64119c8a6194f32bd0e531a77409115/   r:v2api/heartbeat/:uuid/
2020/08/16 18:12:09.628 [D] [server.go:2774]  |            ::1|[97;42m 200 [0m|  10.298982ms|   match|[97;44m GET     [0m /agent/list   r:/agent/list/*
2020/08/16 18:12:18.954 [D] [server.go:2774]  |            ::1|[97;42m 200 [0m|   2.436813ms|   match|[97;46m POST    [0m /v2/api/heartbeat/b64119c8a6194f32bd0e531a77409115/   r:v2api/heartbeat/:uuid/
2020/08/16 18:12:19.026 [D] [server.go:2774]  |            ::1|[97;42m 200 [0m|    2.46938ms|   match|[97;44m GET     [0m /agent/list   r:/agent/list/*
2020/08/16 18:12:28.953 [D] [server.go:2774]  |            ::1|[97;42m 200 [0m|   3.433274ms|   match|[97;46m POST    [0m /v2/api/heartbeat/b64119c8a6194f32bd0e531a77409115/   r:v2api/heartbeat/:uuid/
2020/08/16 18:12:29.515 [D] [server.go:2774]  |            ::1|[97;42m 200 [0m|   2.529112ms|   match|[97;44m GET     [0m /agent/list   r:/agent/list/*
2020/08/16 18:12:38.955 [D] [server.go:2774]  |            ::1|[97;42m 200 [0m|   2.208152ms|   match|[97;46m POST    [0m /v2/api/heartbeat/b64119c8a6194f32bd0e531a77409115/   r:v2api/heartbeat/:uuid/
2020/08/16 18:12:39.101 [D] [server.go:2774]  |            ::1|[97;42m 200 [0m|  13.540896ms|   match|[97;44m GET     [0m /agent/list   r:/agent/list/*
2020/08/16 18:12:39.958 [D] [server.go:2774]  |            ::1|[97;42m 200 [0m|   2.002796ms|   match|[97;46m POST    [0m /v2/api/log/b64119c8a6194f32bd0e531a77409115/   r:v2api/log/:uuid/
2020/08/16 18:12:48.151 [D] [server.go:2774]  |            ::1|[97;42m 200 [0m|   7.059044ms|   match|[97;44m GET     [0m /agent/list   r:/agent/list/*
2020/08/16 18:12:48.955 [D] [server.go:2774]  |            ::1|[97;42m 200 [0m|   2.043428ms|   match|[97;46m POST    [0m /v2/api/heartbeat/b64119c8a6194f32bd0e531a77409115/   r:v2api/heartbeat/:uuid/
2020/08/16 18:12:58.953 [D] [server.go:2774]  |            ::1|[97;42m 200 [0m|   2.005356ms|   match|[97;46m POST    [0m /v2/api/heartbeat/b64119c8a6194f32bd0e531a77409115/   r:v2api/heartbeat/:uuid/
2020/08/16 18:12:59.749 [D] [server.go:2774]  |            ::1|[97;42m 200 [0m|  18.938607ms|   match|[97;44m GET     [0m /agent/list   r:/agent/list/*
2020/08/16 18:13:08.956 [D] [server.go:2774]  |            ::1|[97;42m 200 [0m|   3.115748ms|   match|[97;46m POST    [0m /v2/api/heartbeat/b64119c8a6194f32bd0e531a77409115/   r:v2api/heartbeat/:uuid/
2020/08/16 18:13:08.958 [D] [server.go:2774]  |            ::1|[97;42m 200 [0m|   6.697001ms|   match|[97;44m GET     [0m /agent/list   r:/agent/list/*
2020/08/16 18:13:18.956 [D] [server.go:2774]  |            ::1|[97;42m 200 [0m|   1.919602ms|   match|[97;46m POST    [0m /v2/api/heartbeat/b64119c8a6194f32bd0e531a77409115/   r:v2api/heartbeat/:uuid/
2020/08/16 18:13:19.053 [D] [server.go:2774]  |            ::1|[97;42m 200 [0m|   2.367927ms|   match|[97;44m GET     [0m /agent/list   r:/agent/list/*
2020/08/16 18:13:28.956 [D] [server.go:2774]  |            ::1|[97;42m 200 [0m|   2.007591ms|   match|[97;46m POST    [0m /v2/api/heartbeat/b64119c8a6194f32bd0e531a77409115/   r:v2api/heartbeat/:uuid/
2020/08/16 18:13:29.298 [D] [server.go:2774]  |            ::1|[97;42m 200 [0m|  19.164073ms|   match|[97;44m GET     [0m /agent/list   r:/agent/list/*
2020/08/16 18:13:37.405 [D] [server.go:2774]  |            ::1|[97;42m 200 [0m|   3.578748ms|   match|[97;44m GET     [0m /agent/list   r:/agent/list/*
2020/08/16 18:13:38.961 [D] [server.go:2774]  |            ::1|[97;42m 200 [0m|   5.248694ms|   match|[97;46m POST    [0m /v2/api/heartbeat/b64119c8a6194f32bd0e531a77409115/   r:v2api/heartbeat/:uuid/
2020/08/16 18:13:39.960 [D] [server.go:2774]  |            ::1|[97;42m 200 [0m|   5.999997ms|   match|[97;46m POST    [0m /v2/api/log/b64119c8a6194f32bd0e531a77409115/   r:v2api/log/:uuid/
2020/08/16 18:13:46.700 [D] [server.go:2774]  |            ::1|[97;42m 200 [0m|   4.926788ms|   match|[97;44m GET     [0m /agent/list   r:/agent/list/*
2020/08/16 18:13:48.958 [D] [server.go:2774]  |            ::1|[97;42m 200 [0m|   2.408535ms|   match|[97;46m POST    [0m /v2/api/heartbeat/b64119c8a6194f32bd0e531a77409115/   r:v2api/heartbeat/:uuid/
2020/08/16 18:13:58.955 [D] [server.go:2774]  |            ::1|[97;42m 200 [0m|    2.37964ms|   match|[97;46m POST    [0m /v2/api/heartbeat/b64119c8a6194f32bd0e531a77409115/   r:v2api/heartbeat/:uuid/
2020/08/16 18:14:00.676 [D] [server.go:2774]  |            ::1|[97;42m 200 [0m|   2.490806ms|   match|[97;44m GET     [0m /agent/list   r:/agent/list/*
2020/08/16 18:14:08.524 [D] [server.go:2774]  |            ::1|[97;42m 200 [0m|   2.559382ms|   match|[97;44m GET     [0m /agent/list   r:/agent/list/*
2020/08/16 18:14:08.957 [D] [server.go:2774]  |            ::1|[97;42m 200 [0m|   2.325907ms|   match|[97;46m POST    [0m /v2/api/heartbeat/b64119c8a6194f32bd0e531a77409115/   r:v2api/heartbeat/:uuid/
2020/08/16 18:14:18.959 [D] [server.go:2774]  |            ::1|[97;42m 200 [0m|   2.767984ms|   match|[97;46m POST    [0m /v2/api/heartbeat/b64119c8a6194f32bd0e531a77409115/   r:v2api/heartbeat/:uuid/
2020/08/16 18:14:19.589 [D] [server.go:2774]  |            ::1|[97;42m 200 [0m|   2.545533ms|   match|[97;44m GET     [0m /agent/list   r:/agent/list/*
2020/08/16 18:14:27.094 [D] [server.go:2774]  |            ::1|[97;42m 200 [0m|  12.672475ms|   match|[97;44m GET     [0m /agent/list   r:/agent/list/*
2020/08/16 18:14:28.957 [D] [server.go:2774]  |            ::1|[97;42m 200 [0m|   1.970605ms|   match|[97;46m POST    [0m /v2/api/heartbeat/b64119c8a6194f32bd0e531a77409115/   r:v2api/heartbeat/:uuid/
2020/08/16 18:14:38.956 [D] [server.go:2774]  |            ::1|[97;42m 200 [0m|   1.919646ms|   match|[97;46m POST    [0m /v2/api/heartbeat/b64119c8a6194f32bd0e531a77409115/   r:v2api/heartbeat/:uuid/
2020/08/16 18:14:39.957 [D] [server.go:2774]  |            ::1|[97;42m 200 [0m|   2.438064ms|   match|[97;46m POST    [0m /v2/api/log/b64119c8a6194f32bd0e531a77409115/   r:v2api/log/:uuid/
2020/08/16 18:14:40.209 [D] [server.go:2774]  |            ::1|[97;42m 200 [0m|   2.608203ms|   match|[97;44m GET     [0m /agent/list   r:/agent/list/*
2020/08/16 18:14:48.809 [D] [server.go:2774]  |            ::1|[97;42m 200 [0m|    2.46035ms|   match|[97;44m GET     [0m /agent/list   r:/agent/list/*
2020/08/16 18:14:48.961 [D] [server.go:2774]  |            ::1|[97;42m 200 [0m|   2.776252ms|   match|[97;46m POST    [0m /v2/api/heartbeat/b64119c8a6194f32bd0e531a77409115/   r:v2api/heartbeat/:uuid/
2020/08/16 18:14:58.956 [D] [server.go:2774]  |            ::1|[97;42m 200 [0m|   1.857015ms|   match|[97;46m POST    [0m /v2/api/heartbeat/b64119c8a6194f32bd0e531a77409115/   r:v2api/heartbeat/:uuid/
2020/08/16 18:14:59.518 [D] [server.go:2774]  |            ::1|[97;42m 200 [0m|   2.521684ms|   match|[97;44m GET     [0m /agent/list   r:/agent/list/*
2020/08/16 18:15:08.961 [D] [server.go:2774]  |            ::1|[97;42m 200 [0m|    2.25003ms|   match|[97;46m POST    [0m /v2/api/heartbeat/b64119c8a6194f32bd0e531a77409115/   r:v2api/heartbeat/:uuid/
2020/08/16 18:15:09.064 [D] [server.go:2774]  |            ::1|[97;42m 200 [0m|   2.503371ms|   match|[97;44m GET     [0m /agent/list   r:/agent/list/*
2020/08/16 18:15:18.964 [D] [server.go:2774]  |            ::1|[97;42m 200 [0m|   2.402962ms|   match|[97;46m POST    [0m /v2/api/heartbeat/b64119c8a6194f32bd0e531a77409115/   r:v2api/heartbeat/:uuid/
2020/08/16 18:15:19.287 [D] [server.go:2774]  |            ::1|[97;42m 200 [0m|   6.155471ms|   match|[97;44m GET     [0m /agent/list   r:/agent/list/*
2020/08/16 18:15:27.183 [D] [server.go:2774]  |            ::1|[97;42m 200 [0m|   2.502558ms|   match|[97;44m GET     [0m /agent/list   r:/agent/list/*
2020/08/16 18:15:28.958 [D] [server.go:2774]  |            ::1|[97;42m 200 [0m|   2.291274ms|   match|[97;46m POST    [0m /v2/api/heartbeat/b64119c8a6194f32bd0e531a77409115/   r:v2api/heartbeat/:uuid/
2020/08/16 18:15:38.961 [D] [server.go:2774]  |            ::1|[97;42m 200 [0m|     2.4561ms|   match|[97;46m POST    [0m /v2/api/heartbeat/b64119c8a6194f32bd0e531a77409115/   r:v2api/heartbeat/:uuid/
2020/08/16 18:15:39.967 [D] [server.go:2774]  |            ::1|[97;42m 200 [0m|   2.247533ms|   match|[97;46m POST    [0m /v2/api/log/b64119c8a6194f32bd0e531a77409115/   r:v2api/log/:uuid/
2020/08/16 18:15:40.247 [D] [server.go:2774]  |            ::1|[97;42m 200 [0m|   2.571375ms|   match|[97;44m GET     [0m /agent/list   r:/agent/list/*
2020/08/16 18:15:48.790 [D] [server.go:2774]  |            ::1|[97;42m 200 [0m|   2.651715ms|   match|[97;44m GET     [0m /agent/list   r:/agent/list/*
2020/08/16 18:15:48.959 [D] [server.go:2774]  |            ::1|[97;42m 200 [0m|   2.062359ms|   match|[97;46m POST    [0m /v2/api/heartbeat/b64119c8a6194f32bd0e531a77409115/   r:v2api/heartbeat/:uuid/
2020/08/16 18:15:58.958 [D] [server.go:2774]  |            ::1|[97;42m 200 [0m|   1.888485ms|   match|[97;46m POST    [0m /v2/api/heartbeat/b64119c8a6194f32bd0e531a77409115/   r:v2api/heartbeat/:uuid/
2020/08/16 18:15:59.542 [D] [server.go:2774]  |            ::1|[97;42m 200 [0m|   2.363943ms|   match|[97;44m GET     [0m /agent/list   r:/agent/list/*
2020/08/16 18:16:08.962 [D] [server.go:2774]  |            ::1|[97;42m 200 [0m|   2.264266ms|   match|[97;46m POST    [0m /v2/api/heartbeat/b64119c8a6194f32bd0e531a77409115/   r:v2api/heartbeat/:uuid/
2020/08/16 18:16:09.083 [D] [server.go:2774]  |            ::1|[97;42m 200 [0m|   2.569122ms|   match|[97;44m GET     [0m /agent/list   r:/agent/list/*
2020/08/16 18:16:16.723 [D] [server.go:2774]  |            ::1|[97;42m 200 [0m|  26.381755ms|   match|[97;44m GET     [0m /agent/list   r:/agent/list/*
2020/08/16 18:16:18.957 [D] [server.go:2774]  |            ::1|[97;42m 200 [0m|   1.213217ms|   match|[97;46m POST    [0m /v2/api/heartbeat/b64119c8a6194f32bd0e531a77409115/   r:v2api/heartbeat/:uuid/
2020/08/16 18:16:26.724 [D] [server.go:2774]  |            ::1|[97;42m 200 [0m|   3.101184ms|   match|[97;44m GET     [0m /agent/list   r:/agent/list/*
2020/08/16 18:16:28.959 [D] [server.go:2774]  |            ::1|[97;42m 200 [0m|   1.251555ms|   match|[97;46m POST    [0m /v2/api/heartbeat/b64119c8a6194f32bd0e531a77409115/   r:v2api/heartbeat/:uuid/
2020/08/16 18:16:36.697 [D] [server.go:2774]  |            ::1|[97;42m 200 [0m|   3.015505ms|   match|[97;44m GET     [0m /agent/list   r:/agent/list/*
2020/08/16 18:16:39.964 [D] [server.go:2774]  |            ::1|[97;42m 200 [0m|   1.879123ms|   match|[97;46m POST    [0m /v2/api/log/b64119c8a6194f32bd0e531a77409115/   r:v2api/log/:uuid/
2020/08/16 18:16:39.964 [D] [server.go:2774]  |            ::1|[97;42m 200 [0m|   1.896629ms|   match|[97;46m POST    [0m /v2/api/heartbeat/b64119c8a6194f32bd0e531a77409115/   r:v2api/heartbeat/:uuid/
2020/08/16 18:16:46.705 [D] [server.go:2774]  |            ::1|[97;42m 200 [0m|   3.272725ms|   match|[97;44m GET     [0m /agent/list   r:/agent/list/*
2020/08/16 18:16:48.963 [D] [server.go:2774]  |            ::1|[97;42m 200 [0m|   2.299021ms|   match|[97;46m POST    [0m /v2/api/heartbeat/b64119c8a6194f32bd0e531a77409115/   r:v2api/heartbeat/:uuid/
2020/08/16 18:16:56.698 [D] [server.go:2774]  |            ::1|[97;42m 200 [0m|   2.523529ms|   match|[97;44m GET     [0m /agent/list   r:/agent/list/*
2020/08/16 18:16:58.961 [D] [server.go:2774]  |            ::1|[97;42m 200 [0m|   2.002626ms|   match|[97;46m POST    [0m /v2/api/heartbeat/b64119c8a6194f32bd0e531a77409115/   r:v2api/heartbeat/:uuid/
2020/08/16 18:17:06.699 [D] [server.go:2774]  |            ::1|[97;42m 200 [0m|   2.567151ms|   match|[97;44m GET     [0m /agent/list   r:/agent/list/*
2020/08/16 18:17:08.962 [D] [server.go:2774]  |            ::1|[97;42m 200 [0m|   1.935702ms|   match|[97;46m POST    [0m /v2/api/heartbeat/b64119c8a6194f32bd0e531a77409115/   r:v2api/heartbeat/:uuid/
2020/08/16 18:17:16.732 [D] [server.go:2774]  |            ::1|[97;42m 200 [0m|   4.291943ms|   match|[97;44m GET     [0m /agent/list   r:/agent/list/*
2020/08/16 18:17:18.961 [D] [server.go:2774]  |            ::1|[97;42m 200 [0m|   2.537937ms|   match|[97;46m POST    [0m /v2/api/heartbeat/b64119c8a6194f32bd0e531a77409115/   r:v2api/heartbeat/:uuid/
2020/08/16 18:17:26.706 [D] [server.go:2774]  |            ::1|[97;42m 200 [0m|   3.706985ms|   match|[97;44m GET     [0m /agent/list   r:/agent/list/*
2020/08/16 18:17:28.966 [D] [server.go:2774]  |            ::1|[97;42m 200 [0m|   3.541693ms|   match|[97;46m POST    [0m /v2/api/heartbeat/b64119c8a6194f32bd0e531a77409115/   r:v2api/heartbeat/:uuid/
2020/08/16 18:17:36.698 [D] [server.go:2774]  |            ::1|[97;42m 200 [0m|   2.670882ms|   match|[97;44m GET     [0m /agent/list   r:/agent/list/*
2020/08/16 18:17:39.966 [D] [server.go:2774]  |            ::1|[97;42m 200 [0m|   2.315663ms|   match|[97;46m POST    [0m /v2/api/heartbeat/b64119c8a6194f32bd0e531a77409115/   r:v2api/heartbeat/:uuid/
2020/08/16 18:17:39.966 [D] [server.go:2774]  |            ::1|[97;42m 200 [0m|   2.399917ms|   match|[97;46m POST    [0m /v2/api/log/b64119c8a6194f32bd0e531a77409115/   r:v2api/log/:uuid/
2020/08/16 18:17:46.701 [D] [server.go:2774]  |            ::1|[97;42m 200 [0m|   2.599739ms|   match|[97;44m GET     [0m /agent/list   r:/agent/list/*
2020/08/16 18:17:48.965 [D] [server.go:2774]  |            ::1|[97;42m 200 [0m|   3.247967ms|   match|[97;46m POST    [0m /v2/api/heartbeat/b64119c8a6194f32bd0e531a77409115/   r:v2api/heartbeat/:uuid/
2020/08/16 18:17:56.709 [D] [server.go:2774]  |            ::1|[97;42m 200 [0m|   3.190258ms|   match|[97;44m GET     [0m /agent/list   r:/agent/list/*
2020/08/16 18:17:58.970 [D] [server.go:2774]  |            ::1|[97;42m 200 [0m|    2.10495ms|   match|[97;46m POST    [0m /v2/api/heartbeat/b64119c8a6194f32bd0e531a77409115/   r:v2api/heartbeat/:uuid/
2020/08/16 18:18:06.705 [D] [server.go:2774]  |            ::1|[97;42m 200 [0m|   2.478047ms|   match|[97;44m GET     [0m /agent/list   r:/agent/list/*
2020/08/16 18:18:08.967 [D] [server.go:2774]  |            ::1|[97;42m 200 [0m|   2.183543ms|   match|[97;46m POST    [0m /v2/api/heartbeat/b64119c8a6194f32bd0e531a77409115/   r:v2api/heartbeat/:uuid/
2020/08/16 18:18:16.712 [D] [server.go:2774]  |            ::1|[97;42m 200 [0m|   7.524158ms|   match|[97;44m GET     [0m /agent/list   r:/agent/list/*
2020/08/16 18:18:18.976 [D] [server.go:2774]  |            ::1|[97;42m 200 [0m|   7.991681ms|   match|[97;46m POST    [0m /v2/api/heartbeat/b64119c8a6194f32bd0e531a77409115/   r:v2api/heartbeat/:uuid/
2020/08/16 18:18:26.707 [D] [server.go:2774]  |            ::1|[97;42m 200 [0m|   2.824935ms|   match|[97;44m GET     [0m /agent/list   r:/agent/list/*
2020/08/16 18:18:28.971 [D] [server.go:2774]  |            ::1|[97;42m 200 [0m|   2.081216ms|   match|[97;46m POST    [0m /v2/api/heartbeat/b64119c8a6194f32bd0e531a77409115/   r:v2api/heartbeat/:uuid/
2020/08/16 18:18:37.073 [D] [server.go:2774]  |            ::1|[97;42m 200 [0m|     7.2247ms|   match|[97;44m GET     [0m /agent/list   r:/agent/list/*
2020/08/16 18:18:38.972 [D] [server.go:2774]  |            ::1|[97;42m 200 [0m|   2.367377ms|   match|[97;46m POST    [0m /v2/api/heartbeat/b64119c8a6194f32bd0e531a77409115/   r:v2api/heartbeat/:uuid/
2020/08/16 18:18:39.972 [D] [server.go:2774]  |            ::1|[97;42m 200 [0m|   1.202911ms|   match|[97;46m POST    [0m /v2/api/log/b64119c8a6194f32bd0e531a77409115/   r:v2api/log/:uuid/
2020/08/16 18:18:46.707 [D] [server.go:2774]  |            ::1|[97;42m 200 [0m|   3.405522ms|   match|[97;44m GET     [0m /agent/list   r:/agent/list/*
2020/08/16 18:18:48.972 [D] [server.go:2774]  |            ::1|[97;42m 200 [0m|   2.777523ms|   match|[97;46m POST    [0m /v2/api/heartbeat/b64119c8a6194f32bd0e531a77409115/   r:v2api/heartbeat/:uuid/
2020/08/16 18:18:56.901 [D] [server.go:2774]  |            ::1|[97;42m 200 [0m|   3.586677ms|   match|[97;44m GET     [0m /agent/list   r:/agent/list/*
2020/08/16 18:18:58.973 [D] [server.go:2774]  |            ::1|[97;42m 200 [0m|   1.165995ms|   match|[97;46m POST    [0m /v2/api/heartbeat/b64119c8a6194f32bd0e531a77409115/   r:v2api/heartbeat/:uuid/
2020/08/16 18:19:06.829 [D] [server.go:2774]  |            ::1|[97;42m 200 [0m|   8.547929ms|   match|[97;44m GET     [0m /agent/list   r:/agent/list/*
2020/08/16 18:19:08.973 [D] [server.go:2774]  |            ::1|[97;42m 200 [0m|   2.377722ms|   match|[97;46m POST    [0m /v2/api/heartbeat/b64119c8a6194f32bd0e531a77409115/   r:v2api/heartbeat/:uuid/
2020/08/16 18:19:16.720 [D] [server.go:2774]  |            ::1|[97;42m 200 [0m|   5.401137ms|   match|[97;44m GET     [0m /agent/list   r:/agent/list/*
2020/08/16 18:19:18.969 [D] [server.go:2774]  |            ::1|[97;42m 200 [0m|   1.561718ms|   match|[97;46m POST    [0m /v2/api/heartbeat/b64119c8a6194f32bd0e531a77409115/   r:v2api/heartbeat/:uuid/
2020/08/16 18:19:27.003 [D] [server.go:2774]  |            ::1|[97;42m 200 [0m|  33.263139ms|   match|[97;44m GET     [0m /agent/list   r:/agent/list/*
2020/08/16 18:19:28.972 [D] [server.go:2774]  |            ::1|[97;42m 200 [0m|    1.25109ms|   match|[97;46m POST    [0m /v2/api/heartbeat/b64119c8a6194f32bd0e531a77409115/   r:v2api/heartbeat/:uuid/
2020/08/16 18:19:36.717 [D] [server.go:2774]  |            ::1|[97;42m 200 [0m|   3.921944ms|   match|[97;44m GET     [0m /agent/list   r:/agent/list/*
2020/08/16 18:19:38.973 [D] [server.go:2774]  |            ::1|[97;42m 200 [0m|   1.892962ms|   match|[97;46m POST    [0m /v2/api/heartbeat/b64119c8a6194f32bd0e531a77409115/   r:v2api/heartbeat/:uuid/
2020/08/16 18:19:39.978 [D] [server.go:2774]  |            ::1|[97;42m 200 [0m|   2.082811ms|   match|[97;46m POST    [0m /v2/api/log/b64119c8a6194f32bd0e531a77409115/   r:v2api/log/:uuid/
2020/08/16 18:19:48.971 [D] [server.go:2774]  |            ::1|[97;42m 200 [0m|   1.967655ms|   match|[97;46m POST    [0m /v2/api/heartbeat/b64119c8a6194f32bd0e531a77409115/   r:v2api/heartbeat/:uuid/
2020/08/16 18:19:49.354 [D] [server.go:2774]  |            ::1|[97;42m 200 [0m|   4.782293ms|   match|[97;44m GET     [0m /agent/list   r:/agent/list/*
2020/08/16 18:19:58.974 [D] [server.go:2774]  |            ::1|[97;42m 200 [0m|   2.515776ms|   match|[97;46m POST    [0m /v2/api/heartbeat/b64119c8a6194f32bd0e531a77409115/   r:v2api/heartbeat/:uuid/
2020/08/16 18:19:59.174 [D] [server.go:2774]  |            ::1|[97;42m 200 [0m|   2.453101ms|   match|[97;44m GET     [0m /agent/list   r:/agent/list/*
2020/08/16 18:20:08.974 [D] [server.go:2774]  |            ::1|[97;42m 200 [0m|   2.474621ms|   match|[97;46m POST    [0m /v2/api/heartbeat/b64119c8a6194f32bd0e531a77409115/   r:v2api/heartbeat/:uuid/
2020/08/16 18:20:09.019 [D] [server.go:2774]  |            ::1|[97;42m 200 [0m|   2.600505ms|   match|[97;44m GET     [0m /agent/list   r:/agent/list/*
2020/08/16 18:20:18.972 [D] [server.go:2774]  |            ::1|[97;42m 200 [0m|   2.499478ms|   match|[97;46m POST    [0m /v2/api/heartbeat/b64119c8a6194f32bd0e531a77409115/   r:v2api/heartbeat/:uuid/
2020/08/16 18:20:19.321 [D] [server.go:2774]  |            ::1|[97;42m 200 [0m|   7.699827ms|   match|[97;44m GET     [0m /agent/list   r:/agent/list/*
2020/08/16 18:20:27.213 [D] [server.go:2774]  |            ::1|[97;42m 200 [0m|   2.546182ms|   match|[97;44m GET     [0m /agent/list   r:/agent/list/*
2020/08/16 18:20:28.975 [D] [server.go:2774]  |            ::1|[97;42m 200 [0m|   1.992648ms|   match|[97;46m POST    [0m /v2/api/heartbeat/b64119c8a6194f32bd0e531a77409115/   r:v2api/heartbeat/:uuid/
2020/08/16 18:20:38.973 [D] [server.go:2774]  |            ::1|[97;42m 200 [0m|   2.311441ms|   match|[97;46m POST    [0m /v2/api/heartbeat/b64119c8a6194f32bd0e531a77409115/   r:v2api/heartbeat/:uuid/
2020/08/16 18:20:39.975 [D] [server.go:2774]  |            ::1|[97;42m 200 [0m|   2.123786ms|   match|[97;46m POST    [0m /v2/api/log/b64119c8a6194f32bd0e531a77409115/   r:v2api/log/:uuid/
2020/08/16 18:20:40.342 [D] [server.go:2774]  |            ::1|[97;42m 200 [0m|   3.118306ms|   match|[97;44m GET     [0m /agent/list   r:/agent/list/*
2020/08/16 18:20:48.742 [D] [server.go:2774]  |            ::1|[97;42m 200 [0m|   2.366168ms|   match|[97;44m GET     [0m /agent/list   r:/agent/list/*
2020/08/16 18:20:48.976 [D] [server.go:2774]  |            ::1|[97;42m 200 [0m|   2.373318ms|   match|[97;46m POST    [0m /v2/api/heartbeat/b64119c8a6194f32bd0e531a77409115/   r:v2api/heartbeat/:uuid/
2020/08/16 18:20:58.977 [D] [server.go:2774]  |            ::1|[97;42m 200 [0m|   3.405987ms|   match|[97;46m POST    [0m /v2/api/heartbeat/b64119c8a6194f32bd0e531a77409115/   r:v2api/heartbeat/:uuid/
2020/08/16 18:20:59.638 [D] [server.go:2774]  |            ::1|[97;42m 200 [0m|   2.329647ms|   match|[97;44m GET     [0m /agent/list   r:/agent/list/*
2020/08/16 18:21:08.977 [D] [server.go:2774]  |            ::1|[97;42m 200 [0m|   1.987027ms|   match|[97;46m POST    [0m /v2/api/heartbeat/b64119c8a6194f32bd0e531a77409115/   r:v2api/heartbeat/:uuid/
2020/08/16 18:21:09.067 [D] [server.go:2774]  |            ::1|[97;42m 200 [0m|    2.41446ms|   match|[97;44m GET     [0m /agent/list   r:/agent/list/*
2020/08/16 18:21:18.978 [D] [server.go:2774]  |            ::1|[97;42m 200 [0m|   2.194905ms|   match|[97;46m POST    [0m /v2/api/heartbeat/b64119c8a6194f32bd0e531a77409115/   r:v2api/heartbeat/:uuid/
2020/08/16 18:21:19.322 [D] [server.go:2774]  |            ::1|[97;42m 200 [0m|   2.934883ms|   match|[97;44m GET     [0m /agent/list   r:/agent/list/*
2020/08/16 18:21:26.925 [D] [server.go:2774]  |            ::1|[97;42m 200 [0m|    2.39852ms|   match|[97;44m GET     [0m /agent/list   r:/agent/list/*
2020/08/16 18:21:28.977 [D] [server.go:2774]  |            ::1|[97;42m 200 [0m|   2.202857ms|   match|[97;46m POST    [0m /v2/api/heartbeat/b64119c8a6194f32bd0e531a77409115/   r:v2api/heartbeat/:uuid/
2020/08/16 18:21:38.978 [D] [server.go:2774]  |            ::1|[97;42m 200 [0m|   2.052126ms|   match|[97;46m POST    [0m /v2/api/heartbeat/b64119c8a6194f32bd0e531a77409115/   r:v2api/heartbeat/:uuid/
2020/08/16 18:21:39.978 [D] [server.go:2774]  |            ::1|[97;42m 200 [0m|   1.978575ms|   match|[97;46m POST    [0m /v2/api/log/b64119c8a6194f32bd0e531a77409115/   r:v2api/log/:uuid/
2020/08/16 18:21:40.358 [D] [server.go:2774]  |            ::1|[97;42m 200 [0m|   2.348829ms|   match|[97;44m GET     [0m /agent/list   r:/agent/list/*
2020/08/16 18:21:46.714 [D] [server.go:2774]  |            ::1|[97;42m 200 [0m|   3.899409ms|   match|[97;44m GET     [0m /agent/list   r:/agent/list/*
2020/08/16 18:21:48.977 [D] [server.go:2774]  |            ::1|[97;42m 200 [0m|   2.259173ms|   match|[97;46m POST    [0m /v2/api/heartbeat/b64119c8a6194f32bd0e531a77409115/   r:v2api/heartbeat/:uuid/
